{"/home/travis/build/npmtest/node-npmtest-argv/test.js":{"path":"/home/travis/build/npmtest/node-npmtest-argv/test.js","s":{"1":2,"2":2,"3":2,"4":2,"5":2,"6":2,"7":2,"8":1,"9":2,"10":2,"11":1,"12":1,"13":1,"14":1,"15":2,"16":2,"17":2,"18":2,"19":1,"20":1,"21":2,"22":2,"23":2,"24":1,"25":1,"26":1,"27":1,"28":1,"29":1,"30":1,"31":1,"32":1,"33":1,"34":1,"35":1,"36":1,"37":1,"38":1,"39":2,"40":2,"41":1,"42":2,"43":2,"44":1,"45":2,"46":2,"47":1,"48":2,"49":2,"50":1,"51":1,"52":1,"53":1,"54":1},"b":{"1":[2,1,1,1],"2":[1,1,1,1],"3":[1,1],"4":[1,1],"5":[1,1],"6":[1,1],"7":[1,1],"8":[1,1],"9":[1,1],"10":[1,1,1],"11":[1,1],"12":[1,1],"13":[1,1],"14":[1,1],"15":[1,1],"16":[1,1],"17":[1,1]},"f":{"1":2,"2":2,"3":2,"4":2,"5":2,"6":1,"7":1,"8":1,"9":2,"10":2,"11":2,"12":2,"13":1},"fnMap":{"1":{"name":"(anonymous_1)","line":12,"loc":{"start":{"line":12,"column":1},"end":{"line":12,"column":13}}},"2":{"name":"(anonymous_2)","line":19,"loc":{"start":{"line":19,"column":5},"end":{"line":19,"column":17}}},"3":{"name":"(anonymous_3)","line":23,"loc":{"start":{"line":23,"column":24},"end":{"line":23,"column":36}}},"4":{"name":"(anonymous_4)","line":61,"loc":{"start":{"line":61,"column":5},"end":{"line":61,"column":17}}},"5":{"name":"(anonymous_5)","line":82,"loc":{"start":{"line":82,"column":5},"end":{"line":82,"column":17}}},"6":{"name":"(anonymous_6)","line":91,"loc":{"start":{"line":91,"column":77},"end":{"line":94,"column":10}}},"7":{"name":"(anonymous_7)","line":112,"loc":{"start":{"line":112,"column":83},"end":{"line":115,"column":10}},"skip":true},"8":{"name":"(anonymous_8)","line":123,"loc":{"start":{"line":123,"column":77},"end":{"line":126,"column":10}},"skip":true},"9":{"name":"(anonymous_9)","line":139,"loc":{"start":{"line":139,"column":12},"end":{"line":139,"column":40}},"skip":true},"10":{"name":"(anonymous_10)","line":147,"loc":{"start":{"line":147,"column":77},"end":{"line":150,"column":10}},"skip":true},"11":{"name":"(anonymous_11)","line":158,"loc":{"start":{"line":158,"column":83},"end":{"line":161,"column":10}},"skip":true},"12":{"name":"(anonymous_12)","line":169,"loc":{"start":{"line":169,"column":79},"end":{"line":172,"column":10}},"skip":true},"13":{"name":"(anonymous_13)","line":180,"loc":{"start":{"line":180,"column":75},"end":{"line":183,"column":10}},"skip":true}},"statementMap":{"1":{"start":{"line":12,"column":0},"end":{"line":195,"column":5}},"2":{"start":{"line":14,"column":4},"end":{"line":14,"column":14}},"3":{"start":{"line":19,"column":4},"end":{"line":56,"column":9}},"4":{"start":{"line":21,"column":8},"end":{"line":21,"column":19}},"5":{"start":{"line":23,"column":8},"end":{"line":35,"column":13}},"6":{"start":{"line":24,"column":12},"end":{"line":34,"column":13}},"7":{"start":{"line":25,"column":16},"end":{"line":28,"column":30}},"8":{"start":{"line":30,"column":16},"end":{"line":33,"column":27}},"9":{"start":{"line":37,"column":8},"end":{"line":39,"column":21}},"10":{"start":{"line":40,"column":8},"end":{"line":53,"column":9}},"11":{"start":{"line":43,"column":12},"end":{"line":46,"column":14}},"12":{"start":{"line":47,"column":12},"end":{"line":47,"column":18}},"13":{"start":{"line":50,"column":12},"end":{"line":51,"column":46}},"14":{"start":{"line":52,"column":12},"end":{"line":52,"column":18}},"15":{"start":{"line":55,"column":8},"end":{"line":55,"column":35}},"16":{"start":{"line":61,"column":4},"end":{"line":63,"column":9}},"17":{"start":{"line":62,"column":8},"end":{"line":62,"column":15}},"18":{"start":{"line":64,"column":4},"end":{"line":77,"column":5}},"19":{"start":{"line":70,"column":8},"end":{"line":70,"column":14}},"20":{"start":{"line":76,"column":8},"end":{"line":76,"column":14}},"21":{"start":{"line":82,"column":4},"end":{"line":84,"column":9}},"22":{"start":{"line":83,"column":8},"end":{"line":83,"column":15}},"23":{"start":{"line":85,"column":4},"end":{"line":194,"column":5}},"24":{"start":{"line":91,"column":8},"end":{"line":99,"column":10}},"25":{"start":{"line":98,"column":12},"end":{"line":98,"column":35}},"26":{"start":{"line":102,"column":8},"end":{"line":104,"column":63}},"27":{"start":{"line":105,"column":8},"end":{"line":105,"column":14}},"28":{"start":{"line":112,"column":8},"end":{"line":121,"column":10},"skip":true},"29":{"start":{"line":119,"column":12},"end":{"line":119,"column":55},"skip":true},"30":{"start":{"line":120,"column":12},"end":{"line":120,"column":48},"skip":true},"31":{"start":{"line":123,"column":8},"end":{"line":136,"column":10},"skip":true},"32":{"start":{"line":130,"column":12},"end":{"line":130,"column":76},"skip":true},"33":{"start":{"line":131,"column":12},"end":{"line":131,"column":73},"skip":true},"34":{"start":{"line":132,"column":12},"end":{"line":132,"column":74},"skip":true},"35":{"start":{"line":133,"column":12},"end":{"line":133,"column":79},"skip":true},"36":{"start":{"line":134,"column":12},"end":{"line":134,"column":25},"skip":true},"37":{"start":{"line":135,"column":12},"end":{"line":135,"column":45},"skip":true},"38":{"start":{"line":138,"column":8},"end":{"line":145,"column":14},"skip":true},"39":{"start":{"line":143,"column":16},"end":{"line":143,"column":29},"skip":true},"40":{"start":{"line":144,"column":16},"end":{"line":144,"column":55},"skip":true},"41":{"start":{"line":147,"column":8},"end":{"line":156,"column":10},"skip":true},"42":{"start":{"line":154,"column":12},"end":{"line":154,"column":25},"skip":true},"43":{"start":{"line":155,"column":12},"end":{"line":155,"column":45},"skip":true},"44":{"start":{"line":158,"column":8},"end":{"line":167,"column":10},"skip":true},"45":{"start":{"line":165,"column":12},"end":{"line":165,"column":25},"skip":true},"46":{"start":{"line":166,"column":12},"end":{"line":166,"column":48},"skip":true},"47":{"start":{"line":169,"column":8},"end":{"line":178,"column":10},"skip":true},"48":{"start":{"line":176,"column":12},"end":{"line":176,"column":25},"skip":true},"49":{"start":{"line":177,"column":12},"end":{"line":177,"column":46},"skip":true},"50":{"start":{"line":180,"column":8},"end":{"line":189,"column":10},"skip":true},"51":{"start":{"line":187,"column":12},"end":{"line":187,"column":94},"skip":true},"52":{"start":{"line":188,"column":12},"end":{"line":188,"column":48},"skip":true},"53":{"start":{"line":192,"column":8},"end":{"line":192,"column":35},"skip":true},"54":{"start":{"line":193,"column":8},"end":{"line":193,"column":14},"skip":true}},"branchMap":{"1":{"line":25,"type":"binary-expr","locations":[{"start":{"line":25,"column":23},"end":{"line":25,"column":62}},{"start":{"line":26,"column":20},"end":{"line":26,"column":70}},{"start":{"line":27,"column":20},"end":{"line":27,"column":71}},{"start":{"line":28,"column":20},"end":{"line":28,"column":29}}]},"2":{"line":30,"type":"binary-expr","locations":[{"start":{"line":30,"column":23},"end":{"line":30,"column":37}},{"start":{"line":31,"column":20},"end":{"line":31,"column":61}},{"start":{"line":32,"column":20},"end":{"line":32,"column":70}},{"start":{"line":33,"column":20},"end":{"line":33,"column":26}}]},"3":{"line":37,"type":"cond-expr","locations":[{"start":{"line":38,"column":14},"end":{"line":38,"column":20}},{"start":{"line":39,"column":14},"end":{"line":39,"column":20}}]},"4":{"line":40,"type":"switch","locations":[{"start":{"line":42,"column":8},"end":{"line":47,"column":18}},{"start":{"line":49,"column":8},"end":{"line":52,"column":18}}]},"5":{"line":44,"type":"binary-expr","locations":[{"start":{"line":44,"column":16},"end":{"line":44,"column":44}},{"start":{"line":44,"column":48},"end":{"line":44,"column":66}}]},"6":{"line":50,"type":"binary-expr","locations":[{"start":{"line":50,"column":21},"end":{"line":50,"column":49}},{"start":{"line":50,"column":53},"end":{"line":50,"column":72}}]},"7":{"line":64,"type":"switch","locations":[{"start":{"line":69,"column":4},"end":{"line":70,"column":14}},{"start":{"line":75,"column":4},"end":{"line":76,"column":14}}]},"8":{"line":85,"type":"switch","locations":[{"start":{"line":90,"column":4},"end":{"line":105,"column":14}},{"start":{"line":111,"column":4},"end":{"line":193,"column":14},"skip":true}]},"9":{"line":91,"type":"binary-expr","locations":[{"start":{"line":91,"column":42},"end":{"line":91,"column":73}},{"start":{"line":91,"column":77},"end":{"line":99,"column":9}}]},"10":{"line":102,"type":"binary-expr","locations":[{"start":{"line":102,"column":18},"end":{"line":102,"column":32}},{"start":{"line":103,"column":12},"end":{"line":103,"column":53}},{"start":{"line":104,"column":12},"end":{"line":104,"column":61}}]},"11":{"line":112,"type":"binary-expr","locations":[{"start":{"line":112,"column":45},"end":{"line":112,"column":79},"skip":true},{"start":{"line":112,"column":83},"end":{"line":121,"column":9},"skip":true}]},"12":{"line":123,"type":"binary-expr","locations":[{"start":{"line":123,"column":42},"end":{"line":123,"column":73},"skip":true},{"start":{"line":123,"column":77},"end":{"line":136,"column":9},"skip":true}]},"13":{"line":138,"type":"binary-expr","locations":[{"start":{"line":138,"column":48},"end":{"line":138,"column":85},"skip":true},{"start":{"line":139,"column":12},"end":{"line":145,"column":13},"skip":true}]},"14":{"line":147,"type":"binary-expr","locations":[{"start":{"line":147,"column":42},"end":{"line":147,"column":73},"skip":true},{"start":{"line":147,"column":77},"end":{"line":156,"column":9},"skip":true}]},"15":{"line":158,"type":"binary-expr","locations":[{"start":{"line":158,"column":45},"end":{"line":158,"column":79},"skip":true},{"start":{"line":158,"column":83},"end":{"line":167,"column":9},"skip":true}]},"16":{"line":169,"type":"binary-expr","locations":[{"start":{"line":169,"column":43},"end":{"line":169,"column":75},"skip":true},{"start":{"line":169,"column":79},"end":{"line":178,"column":9},"skip":true}]},"17":{"line":180,"type":"binary-expr","locations":[{"start":{"line":180,"column":41},"end":{"line":180,"column":71},"skip":true},{"start":{"line":180,"column":75},"end":{"line":189,"column":9},"skip":true}]}},"code":["/* istanbul instrument in package npmtest_argv */","/*jslint","    bitwise: true,","    browser: true,","    maxerr: 8,","    maxlen: 96,","    node: true,","    nomen: true,","    regexp: true,","    stupid: true","*/","(function () {","    'use strict';","    var local;","","","","    // run shared js-env code - pre-init","    (function () {","        // init local","        local = {};","        // init modeJs","        local.modeJs = (function () {","            try {","                return typeof navigator.userAgent === 'string' &&","                    typeof document.querySelector('body') === 'object' &&","                    typeof XMLHttpRequest.prototype.open === 'function' &&","                    'browser';","            } catch (errorCaughtBrowser) {","                return module.exports &&","                    typeof process.versions.node === 'string' &&","                    typeof require('http').createServer === 'function' &&","                    'node';","            }","        }());","        // init global","        local.global = local.modeJs === 'browser'","            ? window","            : global;","        switch (local.modeJs) {","        // re-init local from window.local","        case 'browser':","            local = local.global.utility2.objectSetDefault(","                local.global.utility2_rollup || local.global.local,","                local.global.utility2","            );","            break;","        // re-init local from example.js","        case 'node':","            local = (local.global.utility2_rollup || require('utility2'))","                .requireExampleJsFromReadme();","            break;","        }","        // export local","        local.global.local = local;","    }());","","","","    // run shared js-env code - function","    (function () {","        return;","    }());","    switch (local.modeJs) {","","","","    // run browser js-env code - function","    case 'browser':","        break;","","","","    // run node js-env code - function","    case 'node':","        break;","    }","","","","    // run shared js-env code - post-init","    (function () {","        return;","    }());","    switch (local.modeJs) {","","","","    // run browser js-env code - post-init","    case 'browser':","        local.testCase_browser_nullCase = local.testCase_browser_nullCase || function (","            options,","            onError","        ) {","        /*","         * this function will test browsers's null-case handling-behavior-behavior","         */","            onError(null, options);","        };","","        // run tests","        local.nop(local.modeTest &&","            document.querySelector('#testRunButton1') &&","            document.querySelector('#testRunButton1').click());","        break;","","","","    // run node js-env code - post-init","    /* istanbul ignore next */","    case 'node':","        local.testCase_buildApidoc_default = local.testCase_buildApidoc_default || function (","            options,","            onError","        ) {","        /*","         * this function will test buildApidoc's default handling-behavior-behavior","         */","            options = { modulePathList: module.paths };","            local.buildApidoc(options, onError);","        };","","        local.testCase_buildApp_default = local.testCase_buildApp_default || function (","            options,","            onError","        ) {","        /*","         * this function will test buildApp's default handling-behavior-behavior","         */","            local.testCase_buildReadme_default(options, local.onErrorThrow);","            local.testCase_buildLib_default(options, local.onErrorThrow);","            local.testCase_buildTest_default(options, local.onErrorThrow);","            local.testCase_buildCustomOrg_default(options, local.onErrorThrow);","            options = [];","            local.buildApp(options, onError);","        };","","        local.testCase_buildCustomOrg_default = local.testCase_buildCustomOrg_default ||","            function (options, onError) {","            /*","             * this function will test buildCustomOrg's default handling-behavior","             */","                options = {};","                local.buildCustomOrg(options, onError);","            };","","        local.testCase_buildLib_default = local.testCase_buildLib_default || function (","            options,","            onError","        ) {","        /*","         * this function will test buildLib's default handling-behavior","         */","            options = {};","            local.buildLib(options, onError);","        };","","        local.testCase_buildReadme_default = local.testCase_buildReadme_default || function (","            options,","            onError","        ) {","        /*","         * this function will test buildReadme's default handling-behavior-behavior","         */","            options = {};","            local.buildReadme(options, onError);","        };","","        local.testCase_buildTest_default = local.testCase_buildTest_default || function (","            options,","            onError","        ) {","        /*","         * this function will test buildTest's default handling-behavior","         */","            options = {};","            local.buildTest(options, onError);","        };","","        local.testCase_webpage_default = local.testCase_webpage_default || function (","            options,","            onError","        ) {","        /*","         * this function will test webpage's default handling-behavior","         */","            options = { modeCoverageMerge: true, url: local.serverLocalHost + '?modeTest=1' };","            local.browserTest(options, onError);","        };","","        // run test-server","        local.testRunServer(local);","        break;","    }","}());",""],"l":{"12":2,"14":2,"19":2,"21":2,"23":2,"24":2,"25":2,"30":1,"37":2,"40":2,"43":1,"47":1,"50":1,"52":1,"55":2,"61":2,"62":2,"64":2,"70":1,"76":1,"82":2,"83":2,"85":2,"91":1,"98":1,"102":1,"105":1,"112":1,"119":1,"120":1,"123":1,"130":1,"131":1,"132":1,"133":1,"134":1,"135":1,"138":1,"143":2,"144":2,"147":1,"154":2,"155":2,"158":1,"165":2,"166":2,"169":1,"176":2,"177":2,"180":1,"187":1,"188":1,"192":1,"193":1}},"/home/travis/build/npmtest/node-npmtest-argv/lib.npmtest_argv.js":{"path":"/home/travis/build/npmtest/node-npmtest-argv/lib.npmtest_argv.js","s":{"1":2,"2":2,"3":2,"4":2,"5":2,"6":2,"7":2,"8":1,"9":2,"10":2,"11":2,"12":2,"13":1,"14":1,"15":1,"16":1},"b":{"1":[2,1,1,1],"2":[1,1,1,1],"3":[1,1],"4":[2,2],"5":[1,1]},"f":{"1":2,"2":2,"3":2},"fnMap":{"1":{"name":"(anonymous_1)","line":12,"loc":{"start":{"line":12,"column":1},"end":{"line":12,"column":13}}},"2":{"name":"(anonymous_2)","line":19,"loc":{"start":{"line":19,"column":5},"end":{"line":19,"column":17}}},"3":{"name":"(anonymous_3)","line":23,"loc":{"start":{"line":23,"column":24},"end":{"line":23,"column":36}}}},"statementMap":{"1":{"start":{"line":12,"column":0},"end":{"line":53,"column":5}},"2":{"start":{"line":14,"column":4},"end":{"line":14,"column":14}},"3":{"start":{"line":19,"column":4},"end":{"line":52,"column":9}},"4":{"start":{"line":21,"column":8},"end":{"line":21,"column":19}},"5":{"start":{"line":23,"column":8},"end":{"line":35,"column":13}},"6":{"start":{"line":24,"column":12},"end":{"line":34,"column":13}},"7":{"start":{"line":25,"column":16},"end":{"line":28,"column":30}},"8":{"start":{"line":30,"column":16},"end":{"line":33,"column":27}},"9":{"start":{"line":37,"column":8},"end":{"line":39,"column":21}},"10":{"start":{"line":41,"column":8},"end":{"line":41,"column":54}},"11":{"start":{"line":43,"column":8},"end":{"line":43,"column":49}},"12":{"start":{"line":45,"column":8},"end":{"line":51,"column":9}},"13":{"start":{"line":46,"column":12},"end":{"line":46,"column":55}},"14":{"start":{"line":48,"column":12},"end":{"line":48,"column":35}},"15":{"start":{"line":49,"column":12},"end":{"line":49,"column":49}},"16":{"start":{"line":50,"column":12},"end":{"line":50,"column":43}}},"branchMap":{"1":{"line":25,"type":"binary-expr","locations":[{"start":{"line":25,"column":23},"end":{"line":25,"column":62}},{"start":{"line":26,"column":20},"end":{"line":26,"column":70}},{"start":{"line":27,"column":20},"end":{"line":27,"column":71}},{"start":{"line":28,"column":20},"end":{"line":28,"column":29}}]},"2":{"line":30,"type":"binary-expr","locations":[{"start":{"line":30,"column":23},"end":{"line":30,"column":37}},{"start":{"line":31,"column":20},"end":{"line":31,"column":61}},{"start":{"line":32,"column":20},"end":{"line":32,"column":70}},{"start":{"line":33,"column":20},"end":{"line":33,"column":26}}]},"3":{"line":37,"type":"cond-expr","locations":[{"start":{"line":38,"column":14},"end":{"line":38,"column":20}},{"start":{"line":39,"column":14},"end":{"line":39,"column":20}}]},"4":{"line":41,"type":"binary-expr","locations":[{"start":{"line":41,"column":16},"end":{"line":41,"column":44}},{"start":{"line":41,"column":48},"end":{"line":41,"column":53}}]},"5":{"line":45,"type":"if","locations":[{"start":{"line":45,"column":8},"end":{"line":45,"column":8}},{"start":{"line":45,"column":8},"end":{"line":45,"column":8}}]}},"code":["/* istanbul instrument in package npmtest_argv */","/*jslint","    bitwise: true,","    browser: true,","    maxerr: 8,","    maxlen: 96,","    node: true,","    nomen: true,","    regexp: true,","    stupid: true","*/","(function () {","    'use strict';","    var local;","","","","    // run shared js-env code - pre-init","    (function () {","        // init local","        local = {};","        // init modeJs","        local.modeJs = (function () {","            try {","                return typeof navigator.userAgent === 'string' &&","                    typeof document.querySelector('body') === 'object' &&","                    typeof XMLHttpRequest.prototype.open === 'function' &&","                    'browser';","            } catch (errorCaughtBrowser) {","                return module.exports &&","                    typeof process.versions.node === 'string' &&","                    typeof require('http').createServer === 'function' &&","                    'node';","            }","        }());","        // init global","        local.global = local.modeJs === 'browser'","            ? window","            : global;","        // init utility2_rollup","        local = local.global.utility2_rollup || local;","        // init lib","        local.local = local.npmtest_argv = local;","        // init exports","        if (local.modeJs === 'browser') {","            local.global.utility2_npmtest_argv = local;","        } else {","            module.exports = local;","            module.exports.__dirname = __dirname;","            module.exports.module = module;","        }","    }());","}());",""],"l":{"12":2,"14":2,"19":2,"21":2,"23":2,"24":2,"25":2,"30":1,"37":2,"41":2,"43":2,"45":2,"46":1,"48":1,"49":1,"50":1}},"/home/travis/build/npmtest/node-npmtest-argv/example.js":{"path":"/home/travis/build/npmtest/node-npmtest-argv/example.js","s":{"1":2,"2":2,"3":2,"4":2,"5":2,"6":2,"7":2,"8":1,"9":2,"10":2,"11":2,"12":2,"13":1,"14":2,"15":2,"16":2,"17":2,"18":2,"19":0,"20":2,"21":1,"22":1,"23":1,"24":1,"25":1,"26":0,"27":0,"28":1,"29":1,"30":2,"31":0,"32":0,"33":0,"34":1,"35":2,"36":2,"37":3,"38":3,"39":3,"40":3,"41":0,"42":3,"43":3,"44":3,"45":1,"46":3,"47":1,"48":1,"49":1,"50":1,"51":1,"52":1,"53":1,"54":1,"55":1,"56":1,"57":0,"58":1,"59":6,"60":6,"61":1,"62":2,"63":0,"64":2,"65":1,"66":1,"67":0,"68":0,"69":0,"70":0,"71":0,"72":0,"73":0,"74":0,"75":0,"76":0,"77":0,"78":0,"79":0,"80":0,"81":0,"82":0,"83":0},"b":{"1":[2,1,1,1],"2":[1,1,1,1],"3":[1,1],"4":[2,2],"5":[1,1],"6":[1,1],"7":[2,0],"8":[2,1,1,1,1,1],"9":[0,2,0],"10":[1,1],"11":[2,1,1],"12":[1,0],"13":[0,2],"14":[2,0,0,0,0,0,0],"15":[0,3],"16":[3,0],"17":[1,1],"18":[0,1],"19":[1,2,0,2],"20":[1,0],"21":[1,1],"22":[0,0],"23":[0,0],"24":[0,0],"25":[0,0],"26":[0,0],"27":[0,0],"28":[0,0]},"f":{"1":2,"2":2,"3":2,"4":2,"5":2,"6":2,"7":3,"8":3,"9":3,"10":1,"11":6,"12":0},"fnMap":{"1":{"name":"(anonymous_1)","line":26,"loc":{"start":{"line":26,"column":1},"end":{"line":26,"column":13}}},"2":{"name":"(anonymous_2)","line":33,"loc":{"start":{"line":33,"column":5},"end":{"line":33,"column":17}}},"3":{"name":"(anonymous_3)","line":37,"loc":{"start":{"line":37,"column":24},"end":{"line":37,"column":36}}},"4":{"name":"(anonymous_4)","line":69,"loc":{"start":{"line":69,"column":31},"end":{"line":69,"column":48}},"skip":true},"5":{"name":"(anonymous_5)","line":78,"loc":{"start":{"line":78,"column":26},"end":{"line":78,"column":45}},"skip":true},"6":{"name":"(anonymous_6)","line":123,"loc":{"start":{"line":123,"column":33},"end":{"line":123,"column":48}},"skip":true},"7":{"name":"(anonymous_7)","line":125,"loc":{"start":{"line":125,"column":27},"end":{"line":125,"column":39}},"skip":true},"8":{"name":"(anonymous_8)","line":133,"loc":{"start":{"line":133,"column":59},"end":{"line":133,"column":74}},"skip":true},"9":{"name":"(anonymous_9)","line":143,"loc":{"start":{"line":143,"column":45},"end":{"line":143,"column":62}},"skip":true},"10":{"name":"(anonymous_10)","line":144,"loc":{"start":{"line":144,"column":73},"end":{"line":144,"column":92}},"skip":true},"11":{"name":"(anonymous_11)","line":272,"loc":{"start":{"line":272,"column":51},"end":{"line":272,"column":77}},"skip":true},"12":{"name":"(anonymous_12)","line":315,"loc":{"start":{"line":315,"column":32},"end":{"line":315,"column":61}},"skip":true}},"statementMap":{"1":{"start":{"line":26,"column":0},"end":{"line":326,"column":5}},"2":{"start":{"line":28,"column":4},"end":{"line":28,"column":14}},"3":{"start":{"line":33,"column":4},"end":{"line":60,"column":9}},"4":{"start":{"line":35,"column":8},"end":{"line":35,"column":19}},"5":{"start":{"line":37,"column":8},"end":{"line":49,"column":13}},"6":{"start":{"line":38,"column":12},"end":{"line":48,"column":13}},"7":{"start":{"line":39,"column":16},"end":{"line":42,"column":30}},"8":{"start":{"line":44,"column":16},"end":{"line":47,"column":27}},"9":{"start":{"line":51,"column":8},"end":{"line":53,"column":21}},"10":{"start":{"line":55,"column":8},"end":{"line":57,"column":45}},"11":{"start":{"line":59,"column":8},"end":{"line":59,"column":35}},"12":{"start":{"line":61,"column":4},"end":{"line":325,"column":5}},"13":{"start":{"line":69,"column":8},"end":{"line":121,"column":10},"skip":true},"14":{"start":{"line":70,"column":12},"end":{"line":88,"column":13},"skip":true},"15":{"start":{"line":76,"column":16},"end":{"line":87,"column":19},"skip":true},"16":{"start":{"line":79,"column":20},"end":{"line":86,"column":21},"skip":true},"17":{"start":{"line":82,"column":24},"end":{"line":82,"column":43},"skip":true},"18":{"start":{"line":83,"column":24},"end":{"line":83,"column":30},"skip":true},"19":{"start":{"line":85,"column":24},"end":{"line":85,"column":49},"skip":true},"20":{"start":{"line":89,"column":12},"end":{"line":107,"column":13},"skip":true},"21":{"start":{"line":92,"column":16},"end":{"line":102,"column":17},"skip":true},"22":{"start":{"line":93,"column":20},"end":{"line":93,"column":86},"skip":true},"23":{"start":{"line":94,"column":20},"end":{"line":95,"column":45},"skip":true},"24":{"start":{"line":96,"column":20},"end":{"line":96,"column":42},"skip":true},"25":{"start":{"line":97,"column":20},"end":{"line":97,"column":48},"skip":true},"26":{"start":{"line":100,"column":20},"end":{"line":100,"column":85},"skip":true},"27":{"start":{"line":101,"column":20},"end":{"line":101,"column":96},"skip":true},"28":{"start":{"line":103,"column":16},"end":{"line":103,"column":22},"skip":true},"29":{"start":{"line":106,"column":16},"end":{"line":106,"column":22},"skip":true},"30":{"start":{"line":108,"column":12},"end":{"line":120,"column":13},"skip":true},"31":{"start":{"line":114,"column":16},"end":{"line":119,"column":17},"skip":true},"32":{"start":{"line":116,"column":20},"end":{"line":116,"column":78},"skip":true},"33":{"start":{"line":118,"column":20},"end":{"line":118,"column":47},"skip":true},"34":{"start":{"line":123,"column":8},"end":{"line":141,"column":11},"skip":true},"35":{"start":{"line":124,"column":12},"end":{"line":124,"column":54},"skip":true},"36":{"start":{"line":125,"column":12},"end":{"line":140,"column":14},"skip":true},"37":{"start":{"line":126,"column":16},"end":{"line":126,"column":28},"skip":true},"38":{"start":{"line":127,"column":16},"end":{"line":127,"column":69},"skip":true},"39":{"start":{"line":128,"column":16},"end":{"line":128,"column":75},"skip":true},"40":{"start":{"line":129,"column":16},"end":{"line":131,"column":17},"skip":true},"41":{"start":{"line":130,"column":20},"end":{"line":130,"column":27},"skip":true},"42":{"start":{"line":133,"column":16},"end":{"line":137,"column":36},"skip":true},"43":{"start":{"line":134,"column":20},"end":{"line":136,"column":55},"skip":true},"44":{"start":{"line":139,"column":16},"end":{"line":139,"column":57},"skip":true},"45":{"start":{"line":143,"column":8},"end":{"line":147,"column":11},"skip":true},"46":{"start":{"line":144,"column":12},"end":{"line":146,"column":15},"skip":true},"47":{"start":{"line":145,"column":16},"end":{"line":145,"column":70},"skip":true},"48":{"start":{"line":149,"column":8},"end":{"line":149,"column":31},"skip":true},"49":{"start":{"line":150,"column":8},"end":{"line":150,"column":14},"skip":true},"50":{"start":{"line":158,"column":8},"end":{"line":158,"column":31},"skip":true},"51":{"start":{"line":160,"column":8},"end":{"line":160,"column":33},"skip":true},"52":{"start":{"line":161,"column":8},"end":{"line":161,"column":37},"skip":true},"53":{"start":{"line":162,"column":8},"end":{"line":162,"column":35},"skip":true},"54":{"start":{"line":164,"column":8},"end":{"line":164,"column":50},"skip":true},"55":{"start":{"line":166,"column":8},"end":{"line":256,"column":2},"skip":true},"56":{"start":{"line":258,"column":8},"end":{"line":286,"column":9},"skip":true},"57":{"start":{"line":259,"column":12},"end":{"line":269,"column":14},"skip":true},"58":{"start":{"line":271,"column":12},"end":{"line":285,"column":19},"skip":true},"59":{"start":{"line":274,"column":20},"end":{"line":274,"column":35},"skip":true},"60":{"start":{"line":275,"column":20},"end":{"line":284,"column":21},"skip":true},"61":{"start":{"line":277,"column":24},"end":{"line":277,"column":64},"skip":true},"62":{"start":{"line":279,"column":24},"end":{"line":279,"column":40},"skip":true},"63":{"start":{"line":281,"column":24},"end":{"line":281,"column":40},"skip":true},"64":{"start":{"line":283,"column":24},"end":{"line":283,"column":39},"skip":true},"65":{"start":{"line":288,"column":8},"end":{"line":290,"column":9},"skip":true},"66":{"start":{"line":289,"column":12},"end":{"line":289,"column":18},"skip":true},"67":{"start":{"line":291,"column":8},"end":{"line":293,"column":54},"skip":true},"68":{"start":{"line":296,"column":8},"end":{"line":301,"column":37},"skip":true},"69":{"start":{"line":303,"column":8},"end":{"line":303,"column":82},"skip":true},"70":{"start":{"line":306,"column":8},"end":{"line":308,"column":9},"skip":true},"71":{"start":{"line":307,"column":12},"end":{"line":307,"column":82},"skip":true},"72":{"start":{"line":310,"column":8},"end":{"line":312,"column":9},"skip":true},"73":{"start":{"line":311,"column":12},"end":{"line":311,"column":18},"skip":true},"74":{"start":{"line":313,"column":8},"end":{"line":313,"column":54},"skip":true},"75":{"start":{"line":314,"column":8},"end":{"line":314,"column":69},"skip":true},"76":{"start":{"line":315,"column":8},"end":{"line":323,"column":36},"skip":true},"77":{"start":{"line":316,"column":12},"end":{"line":316,"column":61},"skip":true},"78":{"start":{"line":317,"column":12},"end":{"line":320,"column":13},"skip":true},"79":{"start":{"line":318,"column":16},"end":{"line":318,"column":75},"skip":true},"80":{"start":{"line":319,"column":16},"end":{"line":319,"column":23},"skip":true},"81":{"start":{"line":321,"column":12},"end":{"line":321,"column":38},"skip":true},"82":{"start":{"line":322,"column":12},"end":{"line":322,"column":27},"skip":true},"83":{"start":{"line":324,"column":8},"end":{"line":324,"column":14},"skip":true}},"branchMap":{"1":{"line":39,"type":"binary-expr","locations":[{"start":{"line":39,"column":23},"end":{"line":39,"column":62}},{"start":{"line":40,"column":20},"end":{"line":40,"column":70}},{"start":{"line":41,"column":20},"end":{"line":41,"column":71}},{"start":{"line":42,"column":20},"end":{"line":42,"column":29}}]},"2":{"line":44,"type":"binary-expr","locations":[{"start":{"line":44,"column":23},"end":{"line":44,"column":37}},{"start":{"line":45,"column":20},"end":{"line":45,"column":61}},{"start":{"line":46,"column":20},"end":{"line":46,"column":70}},{"start":{"line":47,"column":20},"end":{"line":47,"column":26}}]},"3":{"line":51,"type":"cond-expr","locations":[{"start":{"line":52,"column":14},"end":{"line":52,"column":20}},{"start":{"line":53,"column":14},"end":{"line":53,"column":20}}]},"4":{"line":55,"type":"binary-expr","locations":[{"start":{"line":55,"column":16},"end":{"line":55,"column":44}},{"start":{"line":55,"column":49},"end":{"line":57,"column":43}}]},"5":{"line":55,"type":"cond-expr","locations":[{"start":{"line":56,"column":14},"end":{"line":56,"column":48}},{"start":{"line":57,"column":14},"end":{"line":57,"column":43}}]},"6":{"line":61,"type":"switch","locations":[{"start":{"line":68,"column":4},"end":{"line":150,"column":14},"skip":true},{"start":{"line":156,"column":4},"end":{"line":324,"column":14},"skip":true}]},"7":{"line":70,"type":"if","locations":[{"start":{"line":70,"column":12},"end":{"line":70,"column":12},"skip":true},{"start":{"line":70,"column":12},"end":{"line":70,"column":12},"skip":true}]},"8":{"line":70,"type":"binary-expr","locations":[{"start":{"line":70,"column":16},"end":{"line":70,"column":22},"skip":true},{"start":{"line":70,"column":27},"end":{"line":70,"column":32},"skip":true},{"start":{"line":71,"column":20},"end":{"line":71,"column":39},"skip":true},{"start":{"line":72,"column":20},"end":{"line":72,"column":49},"skip":true},{"start":{"line":73,"column":20},"end":{"line":73,"column":58},"skip":true},{"start":{"line":74,"column":20},"end":{"line":74,"column":69},"skip":true}]},"9":{"line":79,"type":"switch","locations":[{"start":{"line":80,"column":20},"end":{"line":80,"column":33},"skip":true},{"start":{"line":81,"column":20},"end":{"line":83,"column":30},"skip":true},{"start":{"line":84,"column":20},"end":{"line":85,"column":49},"skip":true}]},"10":{"line":89,"type":"switch","locations":[{"start":{"line":90,"column":12},"end":{"line":103,"column":22},"skip":true},{"start":{"line":105,"column":12},"end":{"line":106,"column":22},"skip":true}]},"11":{"line":89,"type":"binary-expr","locations":[{"start":{"line":89,"column":20},"end":{"line":89,"column":25},"skip":true},{"start":{"line":89,"column":29},"end":{"line":89,"column":48},"skip":true},{"start":{"line":89,"column":52},"end":{"line":89,"column":74},"skip":true}]},"12":{"line":92,"type":"if","locations":[{"start":{"line":92,"column":16},"end":{"line":92,"column":16},"skip":true},{"start":{"line":92,"column":16},"end":{"line":92,"column":16},"skip":true}]},"13":{"line":108,"type":"if","locations":[{"start":{"line":108,"column":12},"end":{"line":108,"column":12},"skip":true},{"start":{"line":108,"column":12},"end":{"line":108,"column":12},"skip":true}]},"14":{"line":108,"type":"binary-expr","locations":[{"start":{"line":108,"column":16},"end":{"line":108,"column":61},"skip":true},{"start":{"line":108,"column":66},"end":{"line":108,"column":72},"skip":true},{"start":{"line":108,"column":77},"end":{"line":108,"column":82},"skip":true},{"start":{"line":109,"column":20},"end":{"line":109,"column":39},"skip":true},{"start":{"line":110,"column":20},"end":{"line":110,"column":49},"skip":true},{"start":{"line":111,"column":20},"end":{"line":111,"column":58},"skip":true},{"start":{"line":112,"column":20},"end":{"line":112,"column":68},"skip":true}]},"15":{"line":129,"type":"if","locations":[{"start":{"line":129,"column":16},"end":{"line":129,"column":16},"skip":true},{"start":{"line":129,"column":16},"end":{"line":129,"column":16},"skip":true}]},"16":{"line":134,"type":"cond-expr","locations":[{"start":{"line":135,"column":26},"end":{"line":135,"column":29},"skip":true},{"start":{"line":136,"column":26},"end":{"line":136,"column":54},"skip":true}]},"17":{"line":164,"type":"binary-expr","locations":[{"start":{"line":164,"column":27},"end":{"line":164,"column":43},"skip":true},{"start":{"line":164,"column":47},"end":{"line":164,"column":49},"skip":true}]},"18":{"line":258,"type":"if","locations":[{"start":{"line":258,"column":8},"end":{"line":258,"column":8},"skip":true},{"start":{"line":258,"column":8},"end":{"line":258,"column":8},"skip":true}]},"19":{"line":275,"type":"switch","locations":[{"start":{"line":276,"column":20},"end":{"line":277,"column":64},"skip":true},{"start":{"line":278,"column":20},"end":{"line":279,"column":40},"skip":true},{"start":{"line":280,"column":20},"end":{"line":281,"column":40},"skip":true},{"start":{"line":282,"column":20},"end":{"line":283,"column":39},"skip":true}]},"20":{"line":288,"type":"if","locations":[{"start":{"line":288,"column":8},"end":{"line":288,"column":8},"skip":true},{"start":{"line":288,"column":8},"end":{"line":288,"column":8},"skip":true}]},"21":{"line":288,"type":"binary-expr","locations":[{"start":{"line":288,"column":12},"end":{"line":288,"column":40},"skip":true},{"start":{"line":288,"column":44},"end":{"line":288,"column":67},"skip":true}]},"22":{"line":292,"type":"binary-expr","locations":[{"start":{"line":292,"column":12},"end":{"line":292,"column":50},"skip":true},{"start":{"line":293,"column":12},"end":{"line":293,"column":53},"skip":true}]},"23":{"line":297,"type":"binary-expr","locations":[{"start":{"line":297,"column":12},"end":{"line":297,"column":62},"skip":true},{"start":{"line":298,"column":12},"end":{"line":301,"column":36},"skip":true}]},"24":{"line":303,"type":"binary-expr","locations":[{"start":{"line":303,"column":43},"end":{"line":303,"column":75},"skip":true},{"start":{"line":303,"column":79},"end":{"line":303,"column":81},"skip":true}]},"25":{"line":306,"type":"if","locations":[{"start":{"line":306,"column":8},"end":{"line":306,"column":8},"skip":true},{"start":{"line":306,"column":8},"end":{"line":306,"column":8},"skip":true}]},"26":{"line":310,"type":"if","locations":[{"start":{"line":310,"column":8},"end":{"line":310,"column":8},"skip":true},{"start":{"line":310,"column":8},"end":{"line":310,"column":8},"skip":true}]},"27":{"line":313,"type":"binary-expr","locations":[{"start":{"line":313,"column":27},"end":{"line":313,"column":43},"skip":true},{"start":{"line":313,"column":47},"end":{"line":313,"column":53},"skip":true}]},"28":{"line":317,"type":"if","locations":[{"start":{"line":317,"column":12},"end":{"line":317,"column":12},"skip":true},{"start":{"line":317,"column":12},"end":{"line":317,"column":12},"skip":true}]}},"code":["/*","example.js","","quickstart example","","instruction","    1. save this script as example.js","    2. run the shell command:","        $ npm install npmtest-argv && PORT=8081 node example.js","    3. play with the browser-demo on http://127.0.0.1:8081","*/","","","","/* istanbul instrument in package npmtest_argv */","/*jslint","    bitwise: true,","    browser: true,","    maxerr: 8,","    maxlen: 96,","    node: true,","    nomen: true,","    regexp: true,","    stupid: true","*/","(function () {","    'use strict';","    var local;","","","","    // run shared js-env code - pre-init","    (function () {","        // init local","        local = {};","        // init modeJs","        local.modeJs = (function () {","            try {","                return typeof navigator.userAgent === 'string' &&","                    typeof document.querySelector('body') === 'object' &&","                    typeof XMLHttpRequest.prototype.open === 'function' &&","                    'browser';","            } catch (errorCaughtBrowser) {","                return module.exports &&","                    typeof process.versions.node === 'string' &&","                    typeof require('http').createServer === 'function' &&","                    'node';","            }","        }());","        // init global","        local.global = local.modeJs === 'browser'","            ? window","            : global;","        // init utility2_rollup","        local = local.global.utility2_rollup || (local.modeJs === 'browser'","            ? local.global.utility2_npmtest_argv","            : global.utility2_moduleExports);","        // export local","        local.global.local = local;","    }());","    switch (local.modeJs) {","","","","    // post-init","    // run browser js-env code - post-init","    /* istanbul ignore next */","    case 'browser':","        local.testRunBrowser = function (event) {","            if (!event || (event &&","                    event.currentTarget &&","                    event.currentTarget.className &&","                    event.currentTarget.className.includes &&","                    event.currentTarget.className.includes('onreset'))) {","                // reset output","                Array.from(","                    document.querySelectorAll('body > .resettable')","                ).forEach(function (element) {","                    switch (element.tagName) {","                    case 'INPUT':","                    case 'TEXTAREA':","                        element.value = '';","                        break;","                    default:","                        element.textContent = '';","                    }","                });","            }","            switch (event && event.currentTarget && event.currentTarget.id) {","            case 'testRunButton1':","                // show tests","                if (document.querySelector('#testReportDiv1').style.display === 'none') {","                    document.querySelector('#testReportDiv1').style.display = 'block';","                    document.querySelector('#testRunButton1').textContent =","                        'hide internal test';","                    local.modeTest = true;","                    local.testRunDefault(local);","                // hide tests","                } else {","                    document.querySelector('#testReportDiv1').style.display = 'none';","                    document.querySelector('#testRunButton1').textContent = 'run internal test';","                }","                break;","            // custom-case","            default:","                break;","            }","            if (document.querySelector('#inputTextareaEval1') && (!event || (event &&","                    event.currentTarget &&","                    event.currentTarget.className &&","                    event.currentTarget.className.includes &&","                    event.currentTarget.className.includes('oneval')))) {","                // try to eval input-code","                try {","                    /*jslint evil: true*/","                    eval(document.querySelector('#inputTextareaEval1').value);","                } catch (errorCaught) {","                    console.error(errorCaught);","                }","            }","        };","        // log stderr and stdout to #outputTextareaStdout1","        ['error', 'log'].forEach(function (key) {","            console[key + '_original'] = console[key];","            console[key] = function () {","                var element;","                console[key + '_original'].apply(console, arguments);","                element = document.querySelector('#outputTextareaStdout1');","                if (!element) {","                    return;","                }","                // append text to #outputTextareaStdout1","                element.value += Array.from(arguments).map(function (arg) {","                    return typeof arg === 'string'","                        ? arg","                        : JSON.stringify(arg, null, 4);","                }).join(' ') + '\\n';","                // scroll textarea to bottom","                element.scrollTop = element.scrollHeight;","            };","        });","        // init event-handling","        ['change', 'click', 'keyup'].forEach(function (event) {","            Array.from(document.querySelectorAll('.on' + event)).forEach(function (element) {","                element.addEventListener(event, local.testRunBrowser);","            });","        });","        // run tests","        local.testRunBrowser();","        break;","","","","    // run node js-env code - post-init","    /* istanbul ignore next */","    case 'node':","        // export local","        module.exports = local;","        // require modules","        local.fs = require('fs');","        local.http = require('http');","        local.url = require('url');","        // init assets","        local.assetsDict = local.assetsDict || {};","        /* jslint-ignore-begin */","        local.assetsDict['/assets.index.template.html'] = '\\","<!doctype html>\\n\\","<html lang=\"en\">\\n\\","<head>\\n\\","<meta charset=\"UTF-8\">\\n\\","<meta name=\"viewport\" content=\"width=device-width, initial-scale=1\">\\n\\","<title>{{env.npm_package_name}} (v{{env.npm_package_version}})</title>\\n\\","<style>\\n\\","/*csslint\\n\\","    box-sizing: false,\\n\\","    universal-selector: false\\n\\","*/\\n\\","* {\\n\\","    box-sizing: border-box;\\n\\","}\\n\\","body {\\n\\","    background: #dde;\\n\\","    font-family: Arial, Helvetica, sans-serif;\\n\\","    margin: 2rem;\\n\\","}\\n\\","body > * {\\n\\","    margin-bottom: 1rem;\\n\\","}\\n\\",".utility2FooterDiv {\\n\\","    margin-top: 20px;\\n\\","    text-align: center;\\n\\","}\\n\\","</style>\\n\\","<style>\\n\\","/*csslint\\n\\","*/\\n\\","textarea {\\n\\","    font-family: monospace;\\n\\","    height: 10rem;\\n\\","    width: 100%;\\n\\","}\\n\\","textarea[readonly] {\\n\\","    background: #ddd;\\n\\","}\\n\\","</style>\\n\\","</head>\\n\\","<body>\\n\\","<!-- utility2-comment\\n\\","<div id=\"ajaxProgressDiv1\" style=\"background: #d00; height: 2px; left: 0; margin: 0; padding: 0; position: fixed; top: 0; transition: background 0.5s, width 1.5s; width: 25%;\"></div>\\n\\","utility2-comment -->\\n\\","<h1>\\n\\","<!-- utility2-comment\\n\\","    <a\\n\\","        {{#if env.npm_package_homepage}}\\n\\","        href=\"{{env.npm_package_homepage}}\"\\n\\","        {{/if env.npm_package_homepage}}\\n\\","        target=\"_blank\"\\n\\","    >\\n\\","utility2-comment -->\\n\\","        {{env.npm_package_name}} (v{{env.npm_package_version}})\\n\\","<!-- utility2-comment\\n\\","    </a>\\n\\","utility2-comment -->\\n\\","</h1>\\n\\","<h3>{{env.npm_package_description}}</h3>\\n\\","<!-- utility2-comment\\n\\","<h4><a download href=\"assets.app.js\">download standalone app</a></h4>\\n\\","<button class=\"onclick onreset\" id=\"testRunButton1\">run internal test</button><br>\\n\\","<div id=\"testReportDiv1\" style=\"display: none;\"></div>\\n\\","utility2-comment -->\\n\\","\\n\\","\\n\\","\\n\\","<label>stderr and stdout</label>\\n\\","<textarea class=\"resettable\" id=\"outputTextareaStdout1\" readonly></textarea>\\n\\","<!-- utility2-comment\\n\\","{{#if isRollup}}\\n\\","<script src=\"assets.app.js\"></script>\\n\\","{{#unless isRollup}}\\n\\","utility2-comment -->\\n\\","<script src=\"assets.utility2.rollup.js\"></script>\\n\\","<script src=\"jsonp.utility2._stateInit?callback=window.utility2._stateInit\"></script>\\n\\","<script src=\"assets.npmtest_argv.rollup.js\"></script>\\n\\","<script src=\"assets.example.js\"></script>\\n\\","<script src=\"assets.test.js\"></script>\\n\\","<!-- utility2-comment\\n\\","{{/if isRollup}}\\n\\","utility2-comment -->\\n\\","<div class=\"utility2FooterDiv\">\\n\\","    [ this app was created with\\n\\","    <a href=\"https://github.com/kaizhu256/node-utility2\" target=\"_blank\">utility2</a>\\n\\","    ]\\n\\","</div>\\n\\","</body>\\n\\","</html>\\n\\","';","        /* jslint-ignore-end */","        if (local.templateRender) {","            local.assetsDict['/'] = local.templateRender(","                local.assetsDict['/assets.index.template.html'],","                {","                    env: local.objectSetDefault(local.env, {","                        npm_package_description: 'the greatest app in the world!',","                        npm_package_name: 'my-app',","                        npm_package_nameAlias: 'my_app',","                        npm_package_version: '0.0.1'","                    })","                }","            );","        } else {","            local.assetsDict['/'] = local.assetsDict['/assets.index.template.html']","                .replace((/\\{\\{env\\.(\\w+?)\\}\\}/g), function (match0, match1) {","                    // jslint-hack","                    String(match0);","                    switch (match1) {","                    case 'npm_package_description':","                        return 'the greatest app in the world!';","                    case 'npm_package_name':","                        return 'my-app';","                    case 'npm_package_nameAlias':","                        return 'my_app';","                    case 'npm_package_version':","                        return '0.0.1';","                    }","                });","        }","        // run the cli","        if (local.global.utility2_rollup || module !== require.main) {","            break;","        }","        local.assetsDict['/assets.example.js'] =","            local.assetsDict['/assets.example.js'] ||","            local.fs.readFileSync(__filename, 'utf8');","        // bug-workaround - long $npm_package_buildCustomOrg","        /* jslint-ignore-begin */","        local.assetsDict['/assets.npmtest_argv.rollup.js'] =","            local.assetsDict['/assets.npmtest_argv.rollup.js'] ||","            local.fs.readFileSync(","                local.npmtest_argv.__dirname + '/lib.npmtest_argv.js',","                'utf8'","            ).replace((/^#!/), '//');","        /* jslint-ignore-end */","        local.assetsDict['/favicon.ico'] = local.assetsDict['/favicon.ico'] || '';","        // if $npm_config_timeout_exit exists,","        // then exit this process after $npm_config_timeout_exit ms","        if (Number(process.env.npm_config_timeout_exit)) {","            setTimeout(process.exit, Number(process.env.npm_config_timeout_exit));","        }","        // start server","        if (local.global.utility2_serverHttp1) {","            break;","        }","        process.env.PORT = process.env.PORT || '8081';","        console.error('server starting on port ' + process.env.PORT);","        local.http.createServer(function (request, response) {","            request.urlParsed = local.url.parse(request.url);","            if (local.assetsDict[request.urlParsed.pathname] !== undefined) {","                response.end(local.assetsDict[request.urlParsed.pathname]);","                return;","            }","            response.statusCode = 404;","            response.end();","        }).listen(process.env.PORT);","        break;","    }","}());",""],"l":{"26":2,"28":2,"33":2,"35":2,"37":2,"38":2,"39":2,"44":1,"51":2,"55":2,"59":2,"61":2,"69":1,"70":2,"76":2,"79":2,"82":2,"83":2,"85":1,"89":2,"92":1,"93":1,"94":1,"96":1,"97":1,"100":1,"101":1,"103":1,"106":1,"108":2,"114":1,"116":1,"118":1,"123":1,"124":2,"125":2,"126":3,"127":3,"128":3,"129":3,"130":1,"133":3,"134":3,"139":3,"143":1,"144":3,"145":1,"149":1,"150":1,"158":1,"160":1,"161":1,"162":1,"164":1,"166":1,"258":1,"259":1,"271":1,"274":6,"275":6,"277":1,"279":2,"281":1,"283":2,"288":1,"289":1,"291":1,"296":1,"303":1,"306":1,"307":1,"310":1,"311":1,"313":1,"314":1,"315":1,"316":1,"317":1,"318":1,"319":1,"321":1,"322":1,"324":1}},"/home/travis/build/npmtest/node-npmtest-argv/node_modules/argv/index.js":{"path":"/home/travis/build/npmtest/node-npmtest-argv/node_modules/argv/index.js","s":{"1":1},"b":{},"f":{},"fnMap":{},"statementMap":{"1":{"start":{"line":1,"column":0},"end":{"line":1,"column":44}}},"branchMap":{},"code":["module.exports = require( './lib/argv.js' );",""],"l":{"1":1}},"/home/travis/build/npmtest/node-npmtest-argv/node_modules/argv/lib/argv.js":{"path":"/home/travis/build/npmtest/node-npmtest-argv/node_modules/argv/lib/argv.js","s":{"1":1,"2":0,"3":0,"4":0,"5":0,"6":1,"7":0,"8":0,"9":0,"10":0,"11":0,"12":0,"13":0,"14":0,"15":0,"16":0,"17":0,"18":0,"19":0,"20":0,"21":0,"22":0,"23":0,"24":0,"25":0,"26":0,"27":0,"28":0,"29":0,"30":0,"31":0,"32":0,"33":0,"34":0,"35":0,"36":0,"37":0,"38":0,"39":0,"40":0,"41":0,"42":0,"43":0,"44":0,"45":0,"46":0,"47":0,"48":0,"49":0,"50":0,"51":0,"52":0,"53":0,"54":0,"55":0,"56":0,"57":0,"58":0,"59":0,"60":0,"61":0,"62":0,"63":0,"64":0,"65":0,"66":0,"67":0,"68":0,"69":0,"70":0,"71":0,"72":0,"73":0,"74":0,"75":0,"76":0,"77":0,"78":0,"79":0,"80":0,"81":0,"82":0,"83":0,"84":0,"85":0,"86":0,"87":0,"88":0,"89":0,"90":0,"91":0,"92":0,"93":0,"94":0,"95":0,"96":0,"97":0,"98":0,"99":0,"100":0,"101":0,"102":0,"103":0,"104":0,"105":0,"106":0,"107":0,"108":0,"109":0,"110":0,"111":0,"112":0,"113":0,"114":0,"115":0,"116":0,"117":0,"118":0,"119":0,"120":0,"121":0,"122":0,"123":0,"124":0,"125":0,"126":0,"127":0,"128":0,"129":0,"130":0,"131":0,"132":0,"133":0,"134":0,"135":0,"136":0,"137":0,"138":0,"139":0,"140":0,"141":0,"142":0,"143":0,"144":0,"145":0,"146":0,"147":0,"148":0,"149":0,"150":0,"151":0,"152":0,"153":0,"154":0,"155":0,"156":0,"157":0,"158":0,"159":0,"160":0,"161":0,"162":0,"163":0,"164":0,"165":0,"166":0,"167":0,"168":0,"169":0,"170":1,"171":9,"172":1,"173":8,"174":1,"175":0,"176":1,"177":7,"178":7,"179":0},"b":{"1":[1,0],"2":[0,0,0,0],"3":[0,0],"4":[0,0],"5":[0,0],"6":[0,0],"7":[0,0],"8":[0,0],"9":[0,0],"10":[0,0],"11":[0,0],"12":[0,0],"13":[0,0],"14":[0,0],"15":[0,0],"16":[0,0],"17":[0,0],"18":[0,0],"19":[0,0],"20":[0,0],"21":[0,0],"22":[0,0],"23":[0,0],"24":[0,0],"25":[0,0],"26":[0,0],"27":[0,0],"28":[0,0],"29":[0,0],"30":[0,0],"31":[0,0],"32":[0,0],"33":[0,0],"34":[0,0],"35":[0,0],"36":[0,0],"37":[0,0],"38":[0,0],"39":[0,0],"40":[0,0],"41":[0,0],"42":[0,0],"43":[0,0],"44":[0,0],"45":[0,0],"46":[0,0],"47":[0,0],"48":[0,0],"49":[0,0],"50":[0,0],"51":[0,0],"52":[0,0,0],"53":[0,0],"54":[0,0],"55":[0,0],"56":[0,0],"57":[0,0],"58":[0,0],"59":[0,0],"60":[0,0],"61":[0,0],"62":[0,0],"63":[0,0,0],"64":[0,0],"65":[0,0,0],"66":[0,0],"67":[0,0],"68":[1,8],"69":[1,7],"70":[0,0],"71":[0,0,0]},"f":{"1":0,"2":0,"3":0,"4":0,"5":0,"6":0,"7":0,"8":0,"9":0,"10":0,"11":0,"12":0,"13":0,"14":0,"15":0,"16":0,"17":0,"18":0,"19":0,"20":0,"21":0,"22":0,"23":0,"24":0,"25":0,"26":0,"27":0,"28":0,"29":9,"30":0,"31":0},"fnMap":{"1":{"name":"(anonymous_1)","line":13,"loc":{"start":{"line":13,"column":8},"end":{"line":13,"column":18}}},"2":{"name":"(anonymous_2)","line":16,"loc":{"start":{"line":16,"column":9},"end":{"line":16,"column":26}}},"3":{"name":"(anonymous_3)","line":21,"loc":{"start":{"line":21,"column":12},"end":{"line":21,"column":30}}},"4":{"name":"(anonymous_4)","line":47,"loc":{"start":{"line":47,"column":10},"end":{"line":47,"column":28}}},"5":{"name":"(anonymous_5)","line":51,"loc":{"start":{"line":51,"column":8},"end":{"line":51,"column":26}}},"6":{"name":"(anonymous_6)","line":64,"loc":{"start":{"line":64,"column":9},"end":{"line":64,"column":27}}},"7":{"name":"(anonymous_7)","line":68,"loc":{"start":{"line":68,"column":11},"end":{"line":68,"column":29}}},"8":{"name":"(anonymous_8)","line":72,"loc":{"start":{"line":72,"column":13},"end":{"line":72,"column":31}}},"9":{"name":"(anonymous_9)","line":76,"loc":{"start":{"line":76,"column":8},"end":{"line":76,"column":41}}},"10":{"name":"(anonymous_10)","line":85,"loc":{"start":{"line":85,"column":7},"end":{"line":85,"column":25}}},"11":{"name":"(anonymous_11)","line":89,"loc":{"start":{"line":89,"column":19},"end":{"line":89,"column":36}}},"12":{"name":"(anonymous_12)","line":94,"loc":{"start":{"line":94,"column":10},"end":{"line":94,"column":49}}},"13":{"name":"(anonymous_13)","line":102,"loc":{"start":{"line":102,"column":32},"end":{"line":102,"column":48}}},"14":{"name":"(anonymous_14)","line":117,"loc":{"start":{"line":117,"column":7},"end":{"line":117,"column":34}}},"15":{"name":"(anonymous_15)","line":139,"loc":{"start":{"line":139,"column":10},"end":{"line":139,"column":24}}},"16":{"name":"(anonymous_16)","line":143,"loc":{"start":{"line":143,"column":9},"end":{"line":143,"column":19}}},"17":{"name":"(anonymous_17)","line":146,"loc":{"start":{"line":146,"column":10},"end":{"line":146,"column":27}}},"18":{"name":"(anonymous_18)","line":156,"loc":{"start":{"line":156,"column":9},"end":{"line":156,"column":33}}},"19":{"name":"(anonymous_19)","line":164,"loc":{"start":{"line":164,"column":18},"end":{"line":164,"column":36}}},"20":{"name":"(anonymous_20)","line":224,"loc":{"start":{"line":224,"column":6},"end":{"line":224,"column":25}}},"21":{"name":"(anonymous_21)","line":229,"loc":{"start":{"line":229,"column":18},"end":{"line":229,"column":36}}},"22":{"name":"(anonymous_22)","line":257,"loc":{"start":{"line":257,"column":8},"end":{"line":257,"column":18}}},"23":{"name":"(anonymous_23)","line":275,"loc":{"start":{"line":275,"column":7},"end":{"line":275,"column":36}}},"24":{"name":"(anonymous_24)","line":287,"loc":{"start":{"line":287,"column":7},"end":{"line":287,"column":23}}},"25":{"name":"(anonymous_25)","line":331,"loc":{"start":{"line":331,"column":7},"end":{"line":331,"column":24}}},"26":{"name":"(anonymous_26)","line":348,"loc":{"start":{"line":348,"column":15},"end":{"line":348,"column":34}}},"27":{"name":"(anonymous_27)","line":386,"loc":{"start":{"line":386,"column":29},"end":{"line":386,"column":51}}},"28":{"name":"(anonymous_28)","line":431,"loc":{"start":{"line":431,"column":6},"end":{"line":431,"column":23}}},"29":{"name":"(anonymous_29)","line":449,"loc":{"start":{"line":449,"column":83},"end":{"line":449,"column":102}}},"30":{"name":"(anonymous_30)","line":454,"loc":{"start":{"line":454,"column":17},"end":{"line":454,"column":36}}},"31":{"name":"(anonymous_31)","line":462,"loc":{"start":{"line":462,"column":25},"end":{"line":462,"column":44}}}},"statementMap":{"1":{"start":{"line":1,"column":0},"end":{"line":24,"column":6}},"2":{"start":{"line":13,"column":20},"end":{"line":13,"column":32}},"3":{"start":{"line":17,"column":3},"end":{"line":17,"column":25}},"4":{"start":{"line":18,"column":3},"end":{"line":18,"column":21}},"5":{"start":{"line":22,"column":2},"end":{"line":22,"column":77}},"6":{"start":{"line":27,"column":0},"end":{"line":445,"column":2}},"7":{"start":{"line":48,"column":3},"end":{"line":48,"column":27}},"8":{"start":{"line":52,"column":3},"end":{"line":52,"column":46}},"9":{"start":{"line":54,"column":3},"end":{"line":59,"column":4}},"10":{"start":{"line":55,"column":4},"end":{"line":55,"column":82}},"11":{"start":{"line":57,"column":8},"end":{"line":59,"column":4}},"12":{"start":{"line":58,"column":4},"end":{"line":58,"column":58}},"13":{"start":{"line":61,"column":3},"end":{"line":61,"column":73}},"14":{"start":{"line":65,"column":3},"end":{"line":65,"column":32}},"15":{"start":{"line":69,"column":3},"end":{"line":69,"column":34}},"16":{"start":{"line":73,"column":3},"end":{"line":73,"column":47}},"17":{"start":{"line":77,"column":3},"end":{"line":79,"column":4}},"18":{"start":{"line":78,"column":4},"end":{"line":78,"column":25}},"19":{"start":{"line":81,"column":3},"end":{"line":81,"column":33}},"20":{"start":{"line":82,"column":3},"end":{"line":82,"column":26}},"21":{"start":{"line":86,"column":3},"end":{"line":86,"column":29}},"22":{"start":{"line":90,"column":3},"end":{"line":92,"column":30}},"23":{"start":{"line":94,"column":3},"end":{"line":111,"column":5}},"24":{"start":{"line":96,"column":4},"end":{"line":98,"column":5}},"25":{"start":{"line":97,"column":5},"end":{"line":97,"column":26}},"26":{"start":{"line":101,"column":4},"end":{"line":108,"column":5}},"27":{"start":{"line":102,"column":5},"end":{"line":104,"column":8}},"28":{"start":{"line":103,"column":6},"end":{"line":103,"column":82}},"29":{"start":{"line":107,"column":5},"end":{"line":107,"column":83}},"30":{"start":{"line":110,"column":4},"end":{"line":110,"column":27}},"31":{"start":{"line":118,"column":2},"end":{"line":133,"column":3}},"32":{"start":{"line":119,"column":3},"end":{"line":123,"column":4}},"33":{"start":{"line":120,"column":4},"end":{"line":122,"column":5}},"34":{"start":{"line":121,"column":5},"end":{"line":121,"column":33}},"35":{"start":{"line":125,"column":7},"end":{"line":133,"column":3}},"36":{"start":{"line":126,"column":3},"end":{"line":126,"column":29}},"37":{"start":{"line":128,"column":7},"end":{"line":133,"column":3}},"38":{"start":{"line":129,"column":3},"end":{"line":129,"column":33}},"39":{"start":{"line":131,"column":7},"end":{"line":133,"column":3}},"40":{"start":{"line":132,"column":3},"end":{"line":132,"column":29}},"41":{"start":{"line":135,"column":2},"end":{"line":135,"column":14}},"42":{"start":{"line":140,"column":2},"end":{"line":150,"column":5}},"43":{"start":{"line":143,"column":21},"end":{"line":143,"column":33}},"44":{"start":{"line":147,"column":4},"end":{"line":147,"column":28}},"45":{"start":{"line":148,"column":4},"end":{"line":148,"column":22}},"46":{"start":{"line":152,"column":2},"end":{"line":152,"column":14}},"47":{"start":{"line":157,"column":2},"end":{"line":160,"column":3}},"48":{"start":{"line":158,"column":3},"end":{"line":158,"column":16}},"49":{"start":{"line":159,"column":3},"end":{"line":159,"column":19}},"50":{"start":{"line":163,"column":2},"end":{"line":218,"column":3}},"51":{"start":{"line":164,"column":3},"end":{"line":166,"column":6}},"52":{"start":{"line":165,"column":4},"end":{"line":165,"column":30}},"53":{"start":{"line":169,"column":7},"end":{"line":218,"column":3}},"54":{"start":{"line":170,"column":3},"end":{"line":170,"column":92}},"55":{"start":{"line":173,"column":7},"end":{"line":218,"column":3}},"56":{"start":{"line":174,"column":3},"end":{"line":174,"column":22}},"57":{"start":{"line":178,"column":3},"end":{"line":183,"column":4}},"58":{"start":{"line":179,"column":4},"end":{"line":179,"column":53}},"59":{"start":{"line":181,"column":8},"end":{"line":183,"column":4}},"60":{"start":{"line":182,"column":4},"end":{"line":182,"column":53}},"61":{"start":{"line":187,"column":3},"end":{"line":187,"column":79}},"62":{"start":{"line":188,"column":3},"end":{"line":188,"column":49}},"63":{"start":{"line":189,"column":3},"end":{"line":192,"column":22}},"64":{"start":{"line":195,"column":3},"end":{"line":217,"column":4}},"65":{"start":{"line":196,"column":4},"end":{"line":198,"column":5}},"66":{"start":{"line":197,"column":5},"end":{"line":197,"column":61}},"67":{"start":{"line":201,"column":4},"end":{"line":201,"column":27}},"68":{"start":{"line":202,"column":4},"end":{"line":202,"column":40}},"69":{"start":{"line":205,"column":4},"end":{"line":207,"column":5}},"70":{"start":{"line":206,"column":5},"end":{"line":206,"column":40}},"71":{"start":{"line":211,"column":4},"end":{"line":211,"column":41}},"72":{"start":{"line":214,"column":4},"end":{"line":216,"column":5}},"73":{"start":{"line":215,"column":5},"end":{"line":215,"column":41}},"74":{"start":{"line":220,"column":2},"end":{"line":220,"column":14}},"75":{"start":{"line":225,"column":2},"end":{"line":225,"column":10}},"76":{"start":{"line":228,"column":2},"end":{"line":244,"column":3}},"77":{"start":{"line":229,"column":3},"end":{"line":231,"column":6}},"78":{"start":{"line":230,"column":4},"end":{"line":230,"column":22}},"79":{"start":{"line":234,"column":7},"end":{"line":244,"column":3}},"80":{"start":{"line":235,"column":3},"end":{"line":235,"column":51}},"81":{"start":{"line":238,"column":7},"end":{"line":244,"column":3}},"82":{"start":{"line":239,"column":3},"end":{"line":239,"column":57}},"83":{"start":{"line":242,"column":7},"end":{"line":244,"column":3}},"84":{"start":{"line":243,"column":3},"end":{"line":243,"column":73}},"85":{"start":{"line":247,"column":2},"end":{"line":247,"column":32}},"86":{"start":{"line":248,"column":2},"end":{"line":248,"column":58}},"87":{"start":{"line":251,"column":2},"end":{"line":251,"column":41}},"88":{"start":{"line":253,"column":2},"end":{"line":253,"column":14}},"89":{"start":{"line":258,"column":2},"end":{"line":258,"column":37}},"90":{"start":{"line":261,"column":2},"end":{"line":261,"column":18}},"91":{"start":{"line":262,"column":2},"end":{"line":262,"column":20}},"92":{"start":{"line":263,"column":2},"end":{"line":263,"column":17}},"93":{"start":{"line":264,"column":2},"end":{"line":264,"column":28}},"94":{"start":{"line":267,"column":2},"end":{"line":269,"column":3}},"95":{"start":{"line":268,"column":3},"end":{"line":268,"column":26}},"96":{"start":{"line":271,"column":2},"end":{"line":271,"column":14}},"97":{"start":{"line":276,"column":2},"end":{"line":281,"column":3}},"98":{"start":{"line":277,"column":3},"end":{"line":277,"column":26}},"99":{"start":{"line":279,"column":7},"end":{"line":281,"column":3}},"100":{"start":{"line":280,"column":3},"end":{"line":280,"column":34}},"101":{"start":{"line":283,"column":2},"end":{"line":283,"column":14}},"102":{"start":{"line":288,"column":2},"end":{"line":288,"column":32}},"103":{"start":{"line":291,"column":2},"end":{"line":323,"column":3}},"104":{"start":{"line":292,"column":3},"end":{"line":292,"column":40}},"105":{"start":{"line":294,"column":3},"end":{"line":305,"column":4}},"106":{"start":{"line":295,"column":4},"end":{"line":295,"column":33}},"107":{"start":{"line":297,"column":4},"end":{"line":297,"column":86}},"108":{"start":{"line":298,"column":4},"end":{"line":298,"column":47}},"109":{"start":{"line":299,"column":4},"end":{"line":301,"column":5}},"110":{"start":{"line":300,"column":5},"end":{"line":300,"column":44}},"111":{"start":{"line":304,"column":4},"end":{"line":304,"column":22}},"112":{"start":{"line":309,"column":3},"end":{"line":309,"column":41}},"113":{"start":{"line":311,"column":3},"end":{"line":322,"column":4}},"114":{"start":{"line":312,"column":4},"end":{"line":312,"column":34}},"115":{"start":{"line":314,"column":4},"end":{"line":314,"column":86}},"116":{"start":{"line":315,"column":4},"end":{"line":315,"column":47}},"117":{"start":{"line":316,"column":4},"end":{"line":318,"column":5}},"118":{"start":{"line":317,"column":5},"end":{"line":317,"column":44}},"119":{"start":{"line":321,"column":4},"end":{"line":321,"column":22}},"120":{"start":{"line":326,"column":2},"end":{"line":326,"column":46}},"121":{"start":{"line":327,"column":2},"end":{"line":327,"column":14}},"122":{"start":{"line":332,"column":2},"end":{"line":335,"column":16}},"123":{"start":{"line":338,"column":2},"end":{"line":338,"column":63}},"124":{"start":{"line":341,"column":2},"end":{"line":345,"column":3}},"125":{"start":{"line":342,"column":3},"end":{"line":342,"column":27}},"126":{"start":{"line":343,"column":3},"end":{"line":343,"column":40}},"127":{"start":{"line":344,"column":3},"end":{"line":344,"column":43}},"128":{"start":{"line":348,"column":2},"end":{"line":426,"column":5}},"129":{"start":{"line":349,"column":3},"end":{"line":349,"column":50}},"130":{"start":{"line":352,"column":3},"end":{"line":425,"column":4}},"131":{"start":{"line":353,"column":4},"end":{"line":353,"column":28}},"132":{"start":{"line":356,"column":8},"end":{"line":425,"column":4}},"133":{"start":{"line":357,"column":4},"end":{"line":357,"column":36}},"134":{"start":{"line":360,"column":4},"end":{"line":366,"column":5}},"135":{"start":{"line":361,"column":5},"end":{"line":361,"column":37}},"136":{"start":{"line":362,"column":5},"end":{"line":362,"column":34}},"137":{"start":{"line":365,"column":5},"end":{"line":365,"column":20}},"138":{"start":{"line":369,"column":4},"end":{"line":371,"column":5}},"139":{"start":{"line":370,"column":5},"end":{"line":370,"column":50}},"140":{"start":{"line":374,"column":4},"end":{"line":374,"column":72}},"141":{"start":{"line":377,"column":4},"end":{"line":379,"column":5}},"142":{"start":{"line":378,"column":5},"end":{"line":378,"column":26}},"143":{"start":{"line":382,"column":8},"end":{"line":425,"column":4}},"144":{"start":{"line":383,"column":4},"end":{"line":383,"column":35}},"145":{"start":{"line":385,"column":4},"end":{"line":420,"column":5}},"146":{"start":{"line":386,"column":5},"end":{"line":392,"column":8}},"147":{"start":{"line":387,"column":6},"end":{"line":389,"column":7}},"148":{"start":{"line":388,"column":7},"end":{"line":388,"column":57}},"149":{"start":{"line":391,"column":6},"end":{"line":391,"column":91}},"150":{"start":{"line":396,"column":5},"end":{"line":398,"column":6}},"151":{"start":{"line":397,"column":6},"end":{"line":397,"column":50}},"152":{"start":{"line":401,"column":5},"end":{"line":411,"column":6}},"153":{"start":{"line":402,"column":6},"end":{"line":402,"column":19}},"154":{"start":{"line":403,"column":6},"end":{"line":403,"column":18}},"155":{"start":{"line":405,"column":10},"end":{"line":411,"column":6}},"156":{"start":{"line":406,"column":6},"end":{"line":406,"column":19}},"157":{"start":{"line":407,"column":6},"end":{"line":407,"column":18}},"158":{"start":{"line":410,"column":6},"end":{"line":410,"column":21}},"159":{"start":{"line":414,"column":5},"end":{"line":414,"column":89}},"160":{"start":{"line":417,"column":5},"end":{"line":419,"column":6}},"161":{"start":{"line":418,"column":6},"end":{"line":418,"column":27}},"162":{"start":{"line":424,"column":4},"end":{"line":424,"column":29}},"163":{"start":{"line":428,"column":2},"end":{"line":428,"column":14}},"164":{"start":{"line":432,"column":2},"end":{"line":442,"column":3}},"165":{"start":{"line":433,"column":3},"end":{"line":433,"column":28}},"166":{"start":{"line":436,"column":3},"end":{"line":438,"column":4}},"167":{"start":{"line":437,"column":4},"end":{"line":437,"column":12}},"168":{"start":{"line":440,"column":3},"end":{"line":440,"column":86}},"169":{"start":{"line":441,"column":3},"end":{"line":441,"column":21}},"170":{"start":{"line":449,"column":0},"end":{"line":465,"column":3}},"171":{"start":{"line":450,"column":1},"end":{"line":459,"column":2}},"172":{"start":{"line":451,"column":2},"end":{"line":451,"column":42}},"173":{"start":{"line":453,"column":6},"end":{"line":459,"column":2}},"174":{"start":{"line":454,"column":2},"end":{"line":456,"column":4}},"175":{"start":{"line":455,"column":3},"end":{"line":455,"column":48}},"176":{"start":{"line":458,"column":2},"end":{"line":458,"column":9}},"177":{"start":{"line":461,"column":1},"end":{"line":461,"column":39}},"178":{"start":{"line":462,"column":1},"end":{"line":464,"column":3}},"179":{"start":{"line":463,"column":2},"end":{"line":463,"column":85}}},"branchMap":{"1":{"line":9,"type":"binary-expr","locations":[{"start":{"line":9,"column":17},"end":{"line":9,"column":34}},{"start":{"line":9,"column":38},"end":{"line":9,"column":40}}]},"2":{"line":22,"type":"binary-expr","locations":[{"start":{"line":22,"column":9},"end":{"line":22,"column":24}},{"start":{"line":22,"column":28},"end":{"line":22,"column":44}},{"start":{"line":22,"column":48},"end":{"line":22,"column":60}},{"start":{"line":22,"column":64},"end":{"line":22,"column":76}}]},"3":{"line":54,"type":"if","locations":[{"start":{"line":54,"column":3},"end":{"line":54,"column":3}},{"start":{"line":54,"column":3},"end":{"line":54,"column":3}}]},"4":{"line":57,"type":"if","locations":[{"start":{"line":57,"column":8},"end":{"line":57,"column":8}},{"start":{"line":57,"column":8},"end":{"line":57,"column":8}}]},"5":{"line":61,"type":"cond-expr","locations":[{"start":{"line":61,"column":62},"end":{"line":61,"column":65}},{"start":{"line":61,"column":68},"end":{"line":61,"column":70}}]},"6":{"line":61,"type":"binary-expr","locations":[{"start":{"line":61,"column":20},"end":{"line":61,"column":23}},{"start":{"line":61,"column":27},"end":{"line":61,"column":59}}]},"7":{"line":73,"type":"binary-expr","locations":[{"start":{"line":73,"column":12},"end":{"line":73,"column":27}},{"start":{"line":73,"column":31},"end":{"line":73,"column":44}}]},"8":{"line":77,"type":"if","locations":[{"start":{"line":77,"column":3},"end":{"line":77,"column":3}},{"start":{"line":77,"column":3},"end":{"line":77,"column":3}}]},"9":{"line":96,"type":"if","locations":[{"start":{"line":96,"column":4},"end":{"line":96,"column":4}},{"start":{"line":96,"column":4},"end":{"line":96,"column":4}}]},"10":{"line":101,"type":"if","locations":[{"start":{"line":101,"column":4},"end":{"line":101,"column":4}},{"start":{"line":101,"column":4},"end":{"line":101,"column":4}}]},"11":{"line":118,"type":"if","locations":[{"start":{"line":118,"column":2},"end":{"line":118,"column":2}},{"start":{"line":118,"column":2},"end":{"line":118,"column":2}}]},"12":{"line":120,"type":"if","locations":[{"start":{"line":120,"column":4},"end":{"line":120,"column":4}},{"start":{"line":120,"column":4},"end":{"line":120,"column":4}}]},"13":{"line":125,"type":"if","locations":[{"start":{"line":125,"column":7},"end":{"line":125,"column":7}},{"start":{"line":125,"column":7},"end":{"line":125,"column":7}}]},"14":{"line":128,"type":"if","locations":[{"start":{"line":128,"column":7},"end":{"line":128,"column":7}},{"start":{"line":128,"column":7},"end":{"line":128,"column":7}}]},"15":{"line":131,"type":"if","locations":[{"start":{"line":131,"column":7},"end":{"line":131,"column":7}},{"start":{"line":131,"column":7},"end":{"line":131,"column":7}}]},"16":{"line":131,"type":"binary-expr","locations":[{"start":{"line":131,"column":12},"end":{"line":131,"column":29}},{"start":{"line":131,"column":33},"end":{"line":131,"column":66}}]},"17":{"line":157,"type":"if","locations":[{"start":{"line":157,"column":2},"end":{"line":157,"column":2}},{"start":{"line":157,"column":2},"end":{"line":157,"column":2}}]},"18":{"line":163,"type":"if","locations":[{"start":{"line":163,"column":2},"end":{"line":163,"column":2}},{"start":{"line":163,"column":2},"end":{"line":163,"column":2}}]},"19":{"line":169,"type":"if","locations":[{"start":{"line":169,"column":7},"end":{"line":169,"column":7}},{"start":{"line":169,"column":7},"end":{"line":169,"column":7}}]},"20":{"line":170,"type":"cond-expr","locations":[{"start":{"line":170,"column":62},"end":{"line":170,"column":82}},{"start":{"line":170,"column":85},"end":{"line":170,"column":87}}]},"21":{"line":173,"type":"if","locations":[{"start":{"line":173,"column":7},"end":{"line":173,"column":7}},{"start":{"line":173,"column":7},"end":{"line":173,"column":7}}]},"22":{"line":178,"type":"if","locations":[{"start":{"line":178,"column":3},"end":{"line":178,"column":3}},{"start":{"line":178,"column":3},"end":{"line":178,"column":3}}]},"23":{"line":181,"type":"if","locations":[{"start":{"line":181,"column":8},"end":{"line":181,"column":8}},{"start":{"line":181,"column":8},"end":{"line":181,"column":8}}]},"24":{"line":187,"type":"binary-expr","locations":[{"start":{"line":187,"column":17},"end":{"line":187,"column":28}},{"start":{"line":187,"column":34},"end":{"line":187,"column":76}}]},"25":{"line":187,"type":"cond-expr","locations":[{"start":{"line":187,"column":61},"end":{"line":187,"column":69}},{"start":{"line":187,"column":72},"end":{"line":187,"column":76}}]},"26":{"line":188,"type":"binary-expr","locations":[{"start":{"line":188,"column":24},"end":{"line":188,"column":42}},{"start":{"line":188,"column":46},"end":{"line":188,"column":48}}]},"27":{"line":189,"type":"cond-expr","locations":[{"start":{"line":189,"column":50},"end":{"line":189,"column":61}},{"start":{"line":190,"column":4},"end":{"line":192,"column":21}}]},"28":{"line":190,"type":"cond-expr","locations":[{"start":{"line":190,"column":67},"end":{"line":190,"column":111}},{"start":{"line":191,"column":4},"end":{"line":192,"column":21}}]},"29":{"line":190,"type":"binary-expr","locations":[{"start":{"line":190,"column":4},"end":{"line":190,"column":32}},{"start":{"line":190,"column":36},"end":{"line":190,"column":64}}]},"30":{"line":191,"type":"cond-expr","locations":[{"start":{"line":191,"column":64},"end":{"line":191,"column":89}},{"start":{"line":192,"column":4},"end":{"line":192,"column":21}}]},"31":{"line":191,"type":"binary-expr","locations":[{"start":{"line":191,"column":4},"end":{"line":191,"column":32}},{"start":{"line":191,"column":36},"end":{"line":191,"column":61}}]},"32":{"line":195,"type":"if","locations":[{"start":{"line":195,"column":3},"end":{"line":195,"column":3}},{"start":{"line":195,"column":3},"end":{"line":195,"column":3}}]},"33":{"line":196,"type":"if","locations":[{"start":{"line":196,"column":4},"end":{"line":196,"column":4}},{"start":{"line":196,"column":4},"end":{"line":196,"column":4}}]},"34":{"line":205,"type":"if","locations":[{"start":{"line":205,"column":4},"end":{"line":205,"column":4}},{"start":{"line":205,"column":4},"end":{"line":205,"column":4}}]},"35":{"line":214,"type":"if","locations":[{"start":{"line":214,"column":4},"end":{"line":214,"column":4}},{"start":{"line":214,"column":4},"end":{"line":214,"column":4}}]},"36":{"line":228,"type":"if","locations":[{"start":{"line":228,"column":2},"end":{"line":228,"column":2}},{"start":{"line":228,"column":2},"end":{"line":228,"column":2}}]},"37":{"line":234,"type":"if","locations":[{"start":{"line":234,"column":7},"end":{"line":234,"column":7}},{"start":{"line":234,"column":7},"end":{"line":234,"column":7}}]},"38":{"line":238,"type":"if","locations":[{"start":{"line":238,"column":7},"end":{"line":238,"column":7}},{"start":{"line":238,"column":7},"end":{"line":238,"column":7}}]},"39":{"line":242,"type":"if","locations":[{"start":{"line":242,"column":7},"end":{"line":242,"column":7}},{"start":{"line":242,"column":7},"end":{"line":242,"column":7}}]},"40":{"line":248,"type":"binary-expr","locations":[{"start":{"line":248,"column":20},"end":{"line":248,"column":38}},{"start":{"line":248,"column":42},"end":{"line":248,"column":57}}]},"41":{"line":267,"type":"if","locations":[{"start":{"line":267,"column":2},"end":{"line":267,"column":2}},{"start":{"line":267,"column":2},"end":{"line":267,"column":2}}]},"42":{"line":276,"type":"if","locations":[{"start":{"line":276,"column":2},"end":{"line":276,"column":2}},{"start":{"line":276,"column":2},"end":{"line":276,"column":2}}]},"43":{"line":279,"type":"if","locations":[{"start":{"line":279,"column":7},"end":{"line":279,"column":7}},{"start":{"line":279,"column":7},"end":{"line":279,"column":7}}]},"44":{"line":291,"type":"if","locations":[{"start":{"line":291,"column":2},"end":{"line":291,"column":2}},{"start":{"line":291,"column":2},"end":{"line":291,"column":2}}]},"45":{"line":291,"type":"binary-expr","locations":[{"start":{"line":291,"column":7},"end":{"line":291,"column":10}},{"start":{"line":291,"column":16},"end":{"line":291,"column":38}}]},"46":{"line":297,"type":"cond-expr","locations":[{"start":{"line":297,"column":56},"end":{"line":297,"column":76}},{"start":{"line":297,"column":79},"end":{"line":297,"column":81}}]},"47":{"line":299,"type":"if","locations":[{"start":{"line":299,"column":4},"end":{"line":299,"column":4}},{"start":{"line":299,"column":4},"end":{"line":299,"column":4}}]},"48":{"line":314,"type":"cond-expr","locations":[{"start":{"line":314,"column":56},"end":{"line":314,"column":76}},{"start":{"line":314,"column":79},"end":{"line":314,"column":81}}]},"49":{"line":316,"type":"if","locations":[{"start":{"line":316,"column":4},"end":{"line":316,"column":4}},{"start":{"line":316,"column":4},"end":{"line":316,"column":4}}]},"50":{"line":338,"type":"cond-expr","locations":[{"start":{"line":338,"column":32},"end":{"line":338,"column":36}},{"start":{"line":338,"column":39},"end":{"line":338,"column":62}}]},"51":{"line":341,"type":"if","locations":[{"start":{"line":341,"column":2},"end":{"line":341,"column":2}},{"start":{"line":341,"column":2},"end":{"line":341,"column":2}}]},"52":{"line":341,"type":"binary-expr","locations":[{"start":{"line":341,"column":7},"end":{"line":341,"column":18}},{"start":{"line":341,"column":22},"end":{"line":341,"column":49}},{"start":{"line":341,"column":53},"end":{"line":341,"column":75}}]},"53":{"line":352,"type":"if","locations":[{"start":{"line":352,"column":3},"end":{"line":352,"column":3}},{"start":{"line":352,"column":3},"end":{"line":352,"column":3}}]},"54":{"line":356,"type":"if","locations":[{"start":{"line":356,"column":8},"end":{"line":356,"column":8}},{"start":{"line":356,"column":8},"end":{"line":356,"column":8}}]},"55":{"line":360,"type":"if","locations":[{"start":{"line":360,"column":4},"end":{"line":360,"column":4}},{"start":{"line":360,"column":4},"end":{"line":360,"column":4}}]},"56":{"line":369,"type":"if","locations":[{"start":{"line":369,"column":4},"end":{"line":369,"column":4}},{"start":{"line":369,"column":4},"end":{"line":369,"column":4}}]},"57":{"line":377,"type":"if","locations":[{"start":{"line":377,"column":4},"end":{"line":377,"column":4}},{"start":{"line":377,"column":4},"end":{"line":377,"column":4}}]},"58":{"line":382,"type":"if","locations":[{"start":{"line":382,"column":8},"end":{"line":382,"column":8}},{"start":{"line":382,"column":8},"end":{"line":382,"column":8}}]},"59":{"line":385,"type":"if","locations":[{"start":{"line":385,"column":4},"end":{"line":385,"column":4}},{"start":{"line":385,"column":4},"end":{"line":385,"column":4}}]},"60":{"line":387,"type":"if","locations":[{"start":{"line":387,"column":6},"end":{"line":387,"column":6}},{"start":{"line":387,"column":6},"end":{"line":387,"column":6}}]},"61":{"line":396,"type":"if","locations":[{"start":{"line":396,"column":5},"end":{"line":396,"column":5}},{"start":{"line":396,"column":5},"end":{"line":396,"column":5}}]},"62":{"line":401,"type":"if","locations":[{"start":{"line":401,"column":5},"end":{"line":401,"column":5}},{"start":{"line":401,"column":5},"end":{"line":401,"column":5}}]},"63":{"line":401,"type":"binary-expr","locations":[{"start":{"line":401,"column":10},"end":{"line":401,"column":14}},{"start":{"line":401,"column":18},"end":{"line":401,"column":29}},{"start":{"line":401,"column":33},"end":{"line":401,"column":85}}]},"64":{"line":405,"type":"if","locations":[{"start":{"line":405,"column":10},"end":{"line":405,"column":10}},{"start":{"line":405,"column":10},"end":{"line":405,"column":10}}]},"65":{"line":405,"type":"binary-expr","locations":[{"start":{"line":405,"column":15},"end":{"line":405,"column":19}},{"start":{"line":405,"column":23},"end":{"line":405,"column":36}},{"start":{"line":405,"column":40},"end":{"line":405,"column":62}}]},"66":{"line":417,"type":"if","locations":[{"start":{"line":417,"column":5},"end":{"line":417,"column":5}},{"start":{"line":417,"column":5},"end":{"line":417,"column":5}}]},"67":{"line":436,"type":"if","locations":[{"start":{"line":436,"column":3},"end":{"line":436,"column":3}},{"start":{"line":436,"column":3},"end":{"line":436,"column":3}}]},"68":{"line":450,"type":"if","locations":[{"start":{"line":450,"column":1},"end":{"line":450,"column":1}},{"start":{"line":450,"column":1},"end":{"line":450,"column":1}}]},"69":{"line":453,"type":"if","locations":[{"start":{"line":453,"column":6},"end":{"line":453,"column":6}},{"start":{"line":453,"column":6},"end":{"line":453,"column":6}}]},"70":{"line":455,"type":"binary-expr","locations":[{"start":{"line":455,"column":10},"end":{"line":455,"column":16}},{"start":{"line":455,"column":22},"end":{"line":455,"column":45}}]},"71":{"line":463,"type":"binary-expr","locations":[{"start":{"line":463,"column":9},"end":{"line":463,"column":29}},{"start":{"line":463,"column":33},"end":{"line":463,"column":48}},{"start":{"line":463,"column":52},"end":{"line":463,"column":84}}]}},"code":["var PATH = require( 'path' ),","\ttoString = Object.prototype.toString,","\trhome = /^\\~\\//,","\trroot = /^\\//,","\trlistcsv = /^(list|csv)\\,[a-z]+$/,","\trdash = /^\\-/,","\trddash = /^\\-\\-/,","\tristarget = /^[^\\-]/,","\tSCRIPT_NAME = ( process.argv[ 1 ] || '' ).split( '/' ).pop(),","\thelpOption = {","\t\tname: 'help',","\t\tshort: 'h',","\t\ttype: function(){ return true; },","\t\tdescription: 'Displays help information about this script',","\t\texample: \"'\" + SCRIPT_NAME + \" -h' or '\" + SCRIPT_NAME + \" --help'\",","\t\tonset: function( args ) {","\t\t\tself.help( args.mod );","\t\t\tprocess.exit( 0 );","\t\t}","\t},","\tboolTest = function( value ) {","\t\treturn value == 'true' || value == 'false' || value == '1' || value == '0';","\t},","\tself;","","// argv module","module.exports = self = {","","\t// Default script name","\tname: SCRIPT_NAME,","","\t// Default description to the triggered script 'node script'","\tdescription: 'Usage: ' + SCRIPT_NAME + ' [options]',","","\t// Modules","\tmods: {},","","\t// Shorthand options","\tshort: { h: helpOption },","","\t// Options","\toptions: { help: helpOption },","","\t// List of common types","\ttypes: {","","\t\tstring: function( value ) {","\t\t\treturn value.toString();","\t\t},","","\t\tpath: function( value ) {","\t\t\tvar end = value[ value.length - 1 ] == '/';","","\t\t\tif ( rhome.exec( value ) ) {","\t\t\t\tvalue = PATH.normalize( process.env.HOME + '/' + value.replace( rhome, '' ) );","\t\t\t}","\t\t\telse if ( ! rroot.exec( value ) ) {","\t\t\t\tvalue = PATH.normalize( process.cwd() + '/' + value );","\t\t\t}","","\t\t\treturn value + ( end && value[ value.length - 1 ] != '/' ? '/' : '' );","\t\t},","","\t\t'int': function( value ) {","\t\t\treturn parseInt( value, 10 );","\t\t},","","\t\t'float': function( value ) {","\t\t\treturn parseFloat( value, 10 );","\t\t},","","\t\t'boolean': function( value ) {","\t\t\treturn ( value == 'true' || value === '1' );","\t\t},","","\t\tlist: function( value, name, options ) {","\t\t\tif ( ! options[ name ] ) {","\t\t\t\toptions[ name ] = [];","\t\t\t}","","\t\t\toptions[ name ].push( value );","\t\t\treturn options[ name ];","\t\t},","","\t\tcsv: function( value ) {","\t\t\treturn value.split( ',' );","\t\t},","","\t\t'listcsv-combo': function( type ) {","\t\t\tvar parts = type.split( ',' ),","\t\t\t\tprimary = parts.shift(),","\t\t\t\tsecondary = parts.shift();","","\t\t\treturn function( value, name, options, args ) {","\t\t\t\t// Entry is going to be an array","\t\t\t\tif ( ! options[ name ] ) {","\t\t\t\t\toptions[ name ] = [];","\t\t\t\t}","","\t\t\t\t// Channel to csv or list","\t\t\t\tif ( primary == 'csv' ) {","\t\t\t\t\tvalue.split( ',' ).forEach(function( val ) {","\t\t\t\t\t\toptions[ name ].push( self.types[ secondary ]( val, name, options, args ) );","\t\t\t\t\t});","\t\t\t\t}","\t\t\t\telse {","\t\t\t\t\toptions[ name ].push( self.types[ secondary ]( value, name, options, args ) );","\t\t\t\t}","","\t\t\t\treturn options[ name ];","\t\t\t};","\t\t}","","\t},","","\t// Creates custom type function","\ttype: function( name, callback ) {","\t\tif ( self.isObject( name ) ) {","\t\t\tfor ( var i in name ) {","\t\t\t\tif ( self.isFunction( name[ i ] ) ) {","\t\t\t\t\tself.types[ i ] = name[ i ];","\t\t\t\t}","\t\t\t}","\t\t}","\t\telse if ( callback === undefined ) {","\t\t\treturn self.types[ name ];","\t\t}","\t\telse if ( self.isFunction( callback ) ) {","\t\t\tself.types[ name ] = callback;","\t\t}","\t\telse if ( callback === null && self.types.hasOwnProperty( name ) ) {","\t\t\tdelete self.types[ name ];","\t\t}","","\t\treturn self;","\t},","","\t// Setting version number, and auto setting version option","\tversion: function( v ) {","\t\tself.option({","\t\t\t_version: v,","\t\t\tname: 'version',","\t\t\ttype: function(){ return true; },","\t\t\tdescription: 'Displays version info',","\t\t\texample: self.name + \" --version\",","\t\t\tonset: function( args ) {","\t\t\t\tconsole.log( v + \"\\n\" );","\t\t\t\tprocess.exit( 0 );","\t\t\t}","\t\t});","","\t\treturn self;","\t},","","\t// Adding options to definitions list","\toption: function( mod, object ) {","\t\tif ( object === undefined ) {","\t\t\tobject = mod;","\t\t\tmod = undefined;","\t\t}","","\t\t// Iterate over array for multi entry","\t\tif ( self.isArray( object ) ) {","\t\t\tobject.forEach(function( entry ) {","\t\t\t\tself.option( mod, entry );","\t\t\t});","\t\t}","\t\t// Handle edge case","\t\telse if ( ! self.isObject( object ) ) {","\t\t\tthrow new Error( 'No option definition provided' + ( mod ? ' for module ' + mod : '' ) );","\t\t}","\t\t// Handle module definition","\t\telse if ( object.mod ) {","\t\t\tself.mod( object );","\t\t}","\t\t// Correct the object","\t\telse {","\t\t\tif ( ! object.name ) {","\t\t\t\tthrow new Error( 'No name provided for option' );","\t\t\t}","\t\t\telse if ( ! object.type ) {","\t\t\t\tthrow new Error( 'No type proveded for option' );","\t\t\t}","","\t\t\t// Attach tester for value on booleans","\t\t\t// to avoid false targets","\t\t\tobject.test = object.test || ( object.type == 'boolean' ? boolTest : null );","\t\t\tobject.description = object.description || '';","\t\t\tobject.type = self.isFunction( object.type ) ? object.type :","\t\t\t\tself.isString( object.type ) && rlistcsv.exec( object.type ) ? self.types[ 'listcsv-combo' ]( object.type ) :","\t\t\t\tself.isString( object.type ) && self.types[ object.type ] ? self.types[ object.type ] :","\t\t\t\tself.types.string;","","\t\t\t// Apply to module","\t\t\tif ( mod ) {","\t\t\t\tif ( ! self.mods[ mod ] ) {","\t\t\t\t\tself.mods[ mod ] = { mod: mod, options: {}, short: {} };","\t\t\t\t}","","\t\t\t\t// Attach option to submodule","\t\t\t\tmod = self.mods[ mod ];\t","\t\t\t\tmod.options[ object.name ] = object;","","\t\t\t\t// Attach shorthand","\t\t\t\tif ( object.short ) {","\t\t\t\t\tmod.short[ object.short ] = object;","\t\t\t\t}","\t\t\t}","\t\t\t// Apply to root options","\t\t\telse {","\t\t\t\tself.options[ object.name ] = object;","","\t\t\t\t// Attach shorthand option","\t\t\t\tif ( object.short ) {","\t\t\t\t\tself.short[ object.short ] = object;","\t\t\t\t}","\t\t\t}","\t\t}","","\t\treturn self;","\t},","","\t// Creating module","\tmod: function( object ) {","\t\tvar mod;","","\t\t// Allow multi mod setup","\t\tif ( self.isArray( object ) ) {","\t\t\tobject.forEach(function( value ) {","\t\t\t\tself.mod( value );","\t\t\t});","\t\t}","\t\t// Handle edge case","\t\telse if ( ! self.isObject( object ) ) {","\t\t\tthrow new Error( 'No mod definition provided' );","\t\t}","\t\t// Force mod name","\t\telse if ( ! object.mod ) {","\t\t\tthrow new Error( \"Expecting 'mod' entry for module\" );","\t\t}","\t\t// Create object if not already done so","\t\telse if ( ! self.mods[ object.mod ] ) {","\t\t\tself.mods[ object.mod ] = { mod: object.mod, options: {}, short: {} };","\t\t}","","\t\t// Setup","\t\tmod = self.mods[ object.mod ];","\t\tmod.description = object.description || mod.description;","","\t\t// Attach each option","\t\tself.option( mod.mod, object.options );","","\t\treturn self;","\t},","","\t// Cleans out current options","\tclear: function(){","\t\tvar version = self.options.version;","","\t\t// Clean out modes and reapply help option","\t\tself.short = {};","\t\tself.options = {};","\t\tself.mods = {};","\t\tself.option( helpOption );","","\t\t// Re-apply version if set","\t\tif ( version ) {","\t\t\tself.option( version );","\t\t}","","\t\treturn self;","\t},","","\t// Description setup","\tinfo: function( mod, description ) {","\t\tif ( description === undefined ) {","\t\t\tself.description = mod;","\t\t}","\t\telse if ( self.mods[ mod ] ) {","\t\t\tself.mods[ mod ] = description;","\t\t}","","\t\treturn self;","\t},","","\t// Prints out the help doc","\thelp: function( mod ) {","\t\tvar output = [], name, option;","","\t\t// Printing out just a module's definitions","\t\tif ( mod && ( mod = self.mods[ mod ] ) ) {","\t\t\toutput = [ '', mod.description, '' ];","","\t\t\tfor ( name in mod.options ) {","\t\t\t\toption = mod.options[ name ];","","\t\t\t\toutput.push( \"\\t--\" +option.name + ( option.short ? ', -' + option.short : '' ) );","\t\t\t\toutput.push( \"\\t\\t\" + option.description );","\t\t\t\tif ( option.example ) {","\t\t\t\t\toutput.push( \"\\t\\t\" + option.example );","\t\t\t\t}","","\t\t\t\t// Spacing","\t\t\t\toutput.push( \"\" );","\t\t\t}","\t\t}","\t\t// Printing out just the root options","\t\telse {","\t\t\toutput = [ '', self.description, '' ];","","\t\t\tfor ( name in self.options ) {","\t\t\t\toption = self.options[ name ];","","\t\t\t\toutput.push( \"\\t--\" +option.name + ( option.short ? ', -' + option.short : '' ) );","\t\t\t\toutput.push( \"\\t\\t\" + option.description );","\t\t\t\tif ( option.example ) {","\t\t\t\t\toutput.push( \"\\t\\t\" + option.example );","\t\t\t\t}","","\t\t\t\t// Spacing","\t\t\t\toutput.push( \"\" );","\t\t\t}","\t\t}","","\t\t// Print out the output","\t\tconsole.log( output.join( \"\\n\" ) + \"\\n\\n\" );","\t\treturn self;","\t},","","\t// Runs the arguments parser","\t_run: function( argv ) {","\t\tvar args = { targets: [], options: {} },","\t\t\topts = self.options,","\t\t\tshortOpts = self.short,","\t\t\tskip = false;","","\t\t// Allow for passing of arguments list","\t\targv = self.isArray( argv ) ? argv : process.argv.slice( 2 );","","\t\t// Switch to module's options when used","\t\tif ( argv.length && ristarget.exec( argv[ 0 ] ) && self.mods[ argv[ 0 ] ] ) {","\t\t\targs.mod = argv.shift();","\t\t\topts = self.mods[ args.mod ].options;","\t\t\tshortOpts = self.mods[ args.mod ].short;","\t\t}","","\t\t// Iterate over arguments","\t\targv.forEach(function( arg, i ) {","\t\t\tvar peek = argv[ i + 1 ], option, index, value;","","\t\t\t// Allow skipping of arguments","\t\t\tif ( skip ) {","\t\t\t\treturn ( skip = false );","\t\t\t}","\t\t\t// Full option '--option'","\t\t\telse if ( rddash.exec( arg ) ) {","\t\t\t\targ = arg.replace( rddash, '' );","","\t\t\t\t// Default no value to true","\t\t\t\tif ( ( index = arg.indexOf( '=' ) ) !== -1 ) {","\t\t\t\t\tvalue = arg.substr( index + 1 );","\t\t\t\t\targ = arg.substr( 0, index );","\t\t\t\t}","\t\t\t\telse {","\t\t\t\t\tvalue = 'true';","\t\t\t\t}","","\t\t\t\t// Be strict, if option doesn't exist, throw and error","\t\t\t\tif ( ! ( option = opts[ arg ] ) ) {","\t\t\t\t\tthrow \"Option '--\" + arg + \"' not supported\";","\t\t\t\t}","","\t\t\t\t// Send through type converter","\t\t\t\targs.options[ arg ] = option.type( value, arg, args.options, args );","","\t\t\t\t// Trigger onset callback when option is set","\t\t\t\tif ( self.isFunction( option.onset ) ) {","\t\t\t\t\toption.onset( args );","\t\t\t\t}","\t\t\t}","\t\t\t// Shorthand option '-o'","\t\t\telse if ( rdash.exec( arg ) ) {","\t\t\t\targ = arg.replace( rdash, '' );","","\t\t\t\tif ( arg.length > 1 ) {","\t\t\t\t\targ.split( '' ).forEach(function( character ) {","\t\t\t\t\t\tif ( ! ( option = shortOpts[ character ] ) ) {","\t\t\t\t\t\t\tthrow \"Option '-\" + character + \"' not supported\";","\t\t\t\t\t\t}","","\t\t\t\t\t\targs.options[ option.name ] = option.type( 'true', option.name, args.options, args );","\t\t\t\t\t});","\t\t\t\t}","\t\t\t\telse {","\t\t\t\t\t// Ensure that an option exists","\t\t\t\t\tif ( ! ( option = shortOpts[ arg ] ) ) {","\t\t\t\t\t\tthrow \"Option '-\" + arg + \"' not supported\";","\t\t\t\t\t}","","\t\t\t\t\t// Check next option for target association","\t\t\t\t\tif ( peek && option.test && option.test( peek, option.name, args.options, args ) ) {","\t\t\t\t\t\tvalue = peek;","\t\t\t\t\t\tskip = true;","\t\t\t\t\t}","\t\t\t\t\telse if ( peek && ! option.test && ristarget.exec( peek ) ) {","\t\t\t\t\t\tvalue = peek;","\t\t\t\t\t\tskip = true;","\t\t\t\t\t}","\t\t\t\t\telse {","\t\t\t\t\t\tvalue = 'true';","\t\t\t\t\t}","","\t\t\t\t\t// Convert it","\t\t\t\t\targs.options[ option.name ] = option.type( value, option.name, args.options, args );","","\t\t\t\t\t// Trigger onset callback when option is set","\t\t\t\t\tif ( self.isFunction( option.onset ) ) {","\t\t\t\t\t\toption.onset( args );","\t\t\t\t\t}","\t\t\t\t}","\t\t\t}","\t\t\t// Targets","\t\t\telse {","\t\t\t\targs.targets.push( arg );","\t\t\t}","\t\t});","","\t\treturn args;","\t},","","\trun: function( argv ) {","\t\ttry {","\t\t\treturn self._run( argv );","\t\t}","\t\tcatch ( e ) {","\t\t\tif ( ! self.isString( e ) ) {","\t\t\t\tthrow e;","\t\t\t}","","\t\t\tconsole.log( \"\\n\" + e + \". Trigger '\" + self.name + \" -h' for more details.\\n\\n\" );","\t\t\tprocess.exit( 1 );","\t\t}","\t}","","};","","","// Type tests","\"Boolean Number String Function Array Date RegExp Object Error\".split(' ').forEach(function( method ) {","\tif ( method == 'Array' ) {","\t\treturn ( self.isArray = Array.isArray );","\t}","\telse if ( method == 'Error' ) {","\t\tself.isError = function( object ) {","\t\t\treturn object && ( object instanceof Error );","\t\t};","","\t\treturn;","\t}","","\tvar match = '[object ' + method + ']';","\tself[ 'is' + method ] = function( object ) {","\t\treturn object !== undefined && object !== null && toString.call( object ) == match;","\t};","});",""],"l":{"1":1,"13":0,"17":0,"18":0,"22":0,"27":1,"48":0,"52":0,"54":0,"55":0,"57":0,"58":0,"61":0,"65":0,"69":0,"73":0,"77":0,"78":0,"81":0,"82":0,"86":0,"90":0,"94":0,"96":0,"97":0,"101":0,"102":0,"103":0,"107":0,"110":0,"118":0,"119":0,"120":0,"121":0,"125":0,"126":0,"128":0,"129":0,"131":0,"132":0,"135":0,"140":0,"143":0,"147":0,"148":0,"152":0,"157":0,"158":0,"159":0,"163":0,"164":0,"165":0,"169":0,"170":0,"173":0,"174":0,"178":0,"179":0,"181":0,"182":0,"187":0,"188":0,"189":0,"195":0,"196":0,"197":0,"201":0,"202":0,"205":0,"206":0,"211":0,"214":0,"215":0,"220":0,"225":0,"228":0,"229":0,"230":0,"234":0,"235":0,"238":0,"239":0,"242":0,"243":0,"247":0,"248":0,"251":0,"253":0,"258":0,"261":0,"262":0,"263":0,"264":0,"267":0,"268":0,"271":0,"276":0,"277":0,"279":0,"280":0,"283":0,"288":0,"291":0,"292":0,"294":0,"295":0,"297":0,"298":0,"299":0,"300":0,"304":0,"309":0,"311":0,"312":0,"314":0,"315":0,"316":0,"317":0,"321":0,"326":0,"327":0,"332":0,"338":0,"341":0,"342":0,"343":0,"344":0,"348":0,"349":0,"352":0,"353":0,"356":0,"357":0,"360":0,"361":0,"362":0,"365":0,"369":0,"370":0,"374":0,"377":0,"378":0,"382":0,"383":0,"385":0,"386":0,"387":0,"388":0,"391":0,"396":0,"397":0,"401":0,"402":0,"403":0,"405":0,"406":0,"407":0,"410":0,"414":0,"417":0,"418":0,"424":0,"428":0,"432":0,"433":0,"436":0,"437":0,"440":0,"441":0,"449":1,"450":9,"451":1,"453":8,"454":1,"455":0,"458":1,"461":7,"462":7,"463":0}}}